{"/home/travis/build/npmtest/node-npmtest-amqp10/test.js":{"path":"/home/travis/build/npmtest/node-npmtest-amqp10/test.js","s":{"1":2,"2":2,"3":2,"4":2,"5":2,"6":2,"7":2,"8":1,"9":2,"10":2,"11":1,"12":1,"13":1,"14":1,"15":2,"16":2,"17":2,"18":2,"19":1,"20":1,"21":2,"22":2,"23":2,"24":1,"25":1,"26":1,"27":1,"28":1,"29":1,"30":1,"31":1,"32":1,"33":1,"34":1,"35":1,"36":1,"37":1,"38":1,"39":2,"40":2,"41":1,"42":2,"43":2,"44":1,"45":2,"46":2,"47":1,"48":2,"49":2,"50":1,"51":1,"52":1,"53":1,"54":1},"b":{"1":[2,1,1,1],"2":[1,1,1,1],"3":[1,1],"4":[1,1],"5":[1,1],"6":[1,1],"7":[1,1],"8":[1,1],"9":[1,1],"10":[1,1,1],"11":[1,1],"12":[1,1],"13":[1,1],"14":[1,1],"15":[1,1],"16":[1,1],"17":[1,1]},"f":{"1":2,"2":2,"3":2,"4":2,"5":2,"6":1,"7":1,"8":1,"9":2,"10":2,"11":2,"12":2,"13":1},"fnMap":{"1":{"name":"(anonymous_1)","line":12,"loc":{"start":{"line":12,"column":1},"end":{"line":12,"column":13}}},"2":{"name":"(anonymous_2)","line":19,"loc":{"start":{"line":19,"column":5},"end":{"line":19,"column":17}}},"3":{"name":"(anonymous_3)","line":23,"loc":{"start":{"line":23,"column":24},"end":{"line":23,"column":36}}},"4":{"name":"(anonymous_4)","line":61,"loc":{"start":{"line":61,"column":5},"end":{"line":61,"column":17}}},"5":{"name":"(anonymous_5)","line":82,"loc":{"start":{"line":82,"column":5},"end":{"line":82,"column":17}}},"6":{"name":"(anonymous_6)","line":91,"loc":{"start":{"line":91,"column":77},"end":{"line":94,"column":10}}},"7":{"name":"(anonymous_7)","line":112,"loc":{"start":{"line":112,"column":83},"end":{"line":115,"column":10}},"skip":true},"8":{"name":"(anonymous_8)","line":123,"loc":{"start":{"line":123,"column":77},"end":{"line":126,"column":10}},"skip":true},"9":{"name":"(anonymous_9)","line":139,"loc":{"start":{"line":139,"column":12},"end":{"line":139,"column":40}},"skip":true},"10":{"name":"(anonymous_10)","line":147,"loc":{"start":{"line":147,"column":77},"end":{"line":150,"column":10}},"skip":true},"11":{"name":"(anonymous_11)","line":158,"loc":{"start":{"line":158,"column":83},"end":{"line":161,"column":10}},"skip":true},"12":{"name":"(anonymous_12)","line":169,"loc":{"start":{"line":169,"column":79},"end":{"line":172,"column":10}},"skip":true},"13":{"name":"(anonymous_13)","line":180,"loc":{"start":{"line":180,"column":75},"end":{"line":183,"column":10}},"skip":true}},"statementMap":{"1":{"start":{"line":12,"column":0},"end":{"line":195,"column":5}},"2":{"start":{"line":14,"column":4},"end":{"line":14,"column":14}},"3":{"start":{"line":19,"column":4},"end":{"line":56,"column":9}},"4":{"start":{"line":21,"column":8},"end":{"line":21,"column":19}},"5":{"start":{"line":23,"column":8},"end":{"line":35,"column":13}},"6":{"start":{"line":24,"column":12},"end":{"line":34,"column":13}},"7":{"start":{"line":25,"column":16},"end":{"line":28,"column":30}},"8":{"start":{"line":30,"column":16},"end":{"line":33,"column":27}},"9":{"start":{"line":37,"column":8},"end":{"line":39,"column":21}},"10":{"start":{"line":40,"column":8},"end":{"line":53,"column":9}},"11":{"start":{"line":43,"column":12},"end":{"line":46,"column":14}},"12":{"start":{"line":47,"column":12},"end":{"line":47,"column":18}},"13":{"start":{"line":50,"column":12},"end":{"line":51,"column":33}},"14":{"start":{"line":52,"column":12},"end":{"line":52,"column":18}},"15":{"start":{"line":55,"column":8},"end":{"line":55,"column":35}},"16":{"start":{"line":61,"column":4},"end":{"line":63,"column":9}},"17":{"start":{"line":62,"column":8},"end":{"line":62,"column":15}},"18":{"start":{"line":64,"column":4},"end":{"line":77,"column":5}},"19":{"start":{"line":70,"column":8},"end":{"line":70,"column":14}},"20":{"start":{"line":76,"column":8},"end":{"line":76,"column":14}},"21":{"start":{"line":82,"column":4},"end":{"line":84,"column":9}},"22":{"start":{"line":83,"column":8},"end":{"line":83,"column":15}},"23":{"start":{"line":85,"column":4},"end":{"line":194,"column":5}},"24":{"start":{"line":91,"column":8},"end":{"line":99,"column":10}},"25":{"start":{"line":98,"column":12},"end":{"line":98,"column":35}},"26":{"start":{"line":102,"column":8},"end":{"line":104,"column":63}},"27":{"start":{"line":105,"column":8},"end":{"line":105,"column":14}},"28":{"start":{"line":112,"column":8},"end":{"line":121,"column":10},"skip":true},"29":{"start":{"line":119,"column":12},"end":{"line":119,"column":55},"skip":true},"30":{"start":{"line":120,"column":12},"end":{"line":120,"column":48},"skip":true},"31":{"start":{"line":123,"column":8},"end":{"line":136,"column":10},"skip":true},"32":{"start":{"line":130,"column":12},"end":{"line":130,"column":76},"skip":true},"33":{"start":{"line":131,"column":12},"end":{"line":131,"column":73},"skip":true},"34":{"start":{"line":132,"column":12},"end":{"line":132,"column":74},"skip":true},"35":{"start":{"line":133,"column":12},"end":{"line":133,"column":79},"skip":true},"36":{"start":{"line":134,"column":12},"end":{"line":134,"column":25},"skip":true},"37":{"start":{"line":135,"column":12},"end":{"line":135,"column":45},"skip":true},"38":{"start":{"line":138,"column":8},"end":{"line":145,"column":14},"skip":true},"39":{"start":{"line":143,"column":16},"end":{"line":143,"column":29},"skip":true},"40":{"start":{"line":144,"column":16},"end":{"line":144,"column":55},"skip":true},"41":{"start":{"line":147,"column":8},"end":{"line":156,"column":10},"skip":true},"42":{"start":{"line":154,"column":12},"end":{"line":154,"column":25},"skip":true},"43":{"start":{"line":155,"column":12},"end":{"line":155,"column":45},"skip":true},"44":{"start":{"line":158,"column":8},"end":{"line":167,"column":10},"skip":true},"45":{"start":{"line":165,"column":12},"end":{"line":165,"column":25},"skip":true},"46":{"start":{"line":166,"column":12},"end":{"line":166,"column":48},"skip":true},"47":{"start":{"line":169,"column":8},"end":{"line":178,"column":10},"skip":true},"48":{"start":{"line":176,"column":12},"end":{"line":176,"column":25},"skip":true},"49":{"start":{"line":177,"column":12},"end":{"line":177,"column":46},"skip":true},"50":{"start":{"line":180,"column":8},"end":{"line":189,"column":10},"skip":true},"51":{"start":{"line":187,"column":12},"end":{"line":187,"column":94},"skip":true},"52":{"start":{"line":188,"column":12},"end":{"line":188,"column":48},"skip":true},"53":{"start":{"line":192,"column":8},"end":{"line":192,"column":35},"skip":true},"54":{"start":{"line":193,"column":8},"end":{"line":193,"column":14},"skip":true}},"branchMap":{"1":{"line":25,"type":"binary-expr","locations":[{"start":{"line":25,"column":23},"end":{"line":25,"column":62}},{"start":{"line":26,"column":20},"end":{"line":26,"column":70}},{"start":{"line":27,"column":20},"end":{"line":27,"column":71}},{"start":{"line":28,"column":20},"end":{"line":28,"column":29}}]},"2":{"line":30,"type":"binary-expr","locations":[{"start":{"line":30,"column":23},"end":{"line":30,"column":37}},{"start":{"line":31,"column":20},"end":{"line":31,"column":61}},{"start":{"line":32,"column":20},"end":{"line":32,"column":70}},{"start":{"line":33,"column":20},"end":{"line":33,"column":26}}]},"3":{"line":37,"type":"cond-expr","locations":[{"start":{"line":38,"column":14},"end":{"line":38,"column":20}},{"start":{"line":39,"column":14},"end":{"line":39,"column":20}}]},"4":{"line":40,"type":"switch","locations":[{"start":{"line":42,"column":8},"end":{"line":47,"column":18}},{"start":{"line":49,"column":8},"end":{"line":52,"column":18}}]},"5":{"line":44,"type":"binary-expr","locations":[{"start":{"line":44,"column":16},"end":{"line":44,"column":44}},{"start":{"line":44,"column":48},"end":{"line":44,"column":66}}]},"6":{"line":50,"type":"binary-expr","locations":[{"start":{"line":50,"column":21},"end":{"line":50,"column":49}},{"start":{"line":50,"column":53},"end":{"line":50,"column":72}}]},"7":{"line":64,"type":"switch","locations":[{"start":{"line":69,"column":4},"end":{"line":70,"column":14}},{"start":{"line":75,"column":4},"end":{"line":76,"column":14}}]},"8":{"line":85,"type":"switch","locations":[{"start":{"line":90,"column":4},"end":{"line":105,"column":14}},{"start":{"line":111,"column":4},"end":{"line":193,"column":14},"skip":true}]},"9":{"line":91,"type":"binary-expr","locations":[{"start":{"line":91,"column":42},"end":{"line":91,"column":73}},{"start":{"line":91,"column":77},"end":{"line":99,"column":9}}]},"10":{"line":102,"type":"binary-expr","locations":[{"start":{"line":102,"column":18},"end":{"line":102,"column":32}},{"start":{"line":103,"column":12},"end":{"line":103,"column":53}},{"start":{"line":104,"column":12},"end":{"line":104,"column":61}}]},"11":{"line":112,"type":"binary-expr","locations":[{"start":{"line":112,"column":45},"end":{"line":112,"column":79},"skip":true},{"start":{"line":112,"column":83},"end":{"line":121,"column":9},"skip":true}]},"12":{"line":123,"type":"binary-expr","locations":[{"start":{"line":123,"column":42},"end":{"line":123,"column":73},"skip":true},{"start":{"line":123,"column":77},"end":{"line":136,"column":9},"skip":true}]},"13":{"line":138,"type":"binary-expr","locations":[{"start":{"line":138,"column":48},"end":{"line":138,"column":85},"skip":true},{"start":{"line":139,"column":12},"end":{"line":145,"column":13},"skip":true}]},"14":{"line":147,"type":"binary-expr","locations":[{"start":{"line":147,"column":42},"end":{"line":147,"column":73},"skip":true},{"start":{"line":147,"column":77},"end":{"line":156,"column":9},"skip":true}]},"15":{"line":158,"type":"binary-expr","locations":[{"start":{"line":158,"column":45},"end":{"line":158,"column":79},"skip":true},{"start":{"line":158,"column":83},"end":{"line":167,"column":9},"skip":true}]},"16":{"line":169,"type":"binary-expr","locations":[{"start":{"line":169,"column":43},"end":{"line":169,"column":75},"skip":true},{"start":{"line":169,"column":79},"end":{"line":178,"column":9},"skip":true}]},"17":{"line":180,"type":"binary-expr","locations":[{"start":{"line":180,"column":41},"end":{"line":180,"column":71},"skip":true},{"start":{"line":180,"column":75},"end":{"line":189,"column":9},"skip":true}]}},"code":["/* istanbul instrument in package npmtest_amqp10 */","/*jslint","    bitwise: true,","    browser: true,","    maxerr: 8,","    maxlen: 96,","    node: true,","    nomen: true,","    regexp: true,","    stupid: true","*/","(function () {","    'use strict';","    var local;","","","","    // run shared js-env code - pre-init","    (function () {","        // init local","        local = {};","        // init modeJs","        local.modeJs = (function () {","            try {","                return typeof navigator.userAgent === 'string' &&","                    typeof document.querySelector('body') === 'object' &&","                    typeof XMLHttpRequest.prototype.open === 'function' &&","                    'browser';","            } catch (errorCaughtBrowser) {","                return module.exports &&","                    typeof process.versions.node === 'string' &&","                    typeof require('http').createServer === 'function' &&","                    'node';","            }","        }());","        // init global","        local.global = local.modeJs === 'browser'","            ? window","            : global;","        switch (local.modeJs) {","        // re-init local from window.local","        case 'browser':","            local = local.global.utility2.objectSetDefault(","                local.global.utility2_rollup || local.global.local,","                local.global.utility2","            );","            break;","        // re-init local from example.js","        case 'node':","            local = (local.global.utility2_rollup || require('utility2'))","                .requireReadme();","            break;","        }","        // export local","        local.global.local = local;","    }());","","","","    // run shared js-env code - function","    (function () {","        return;","    }());","    switch (local.modeJs) {","","","","    // run browser js-env code - function","    case 'browser':","        break;","","","","    // run node js-env code - function","    case 'node':","        break;","    }","","","","    // run shared js-env code - post-init","    (function () {","        return;","    }());","    switch (local.modeJs) {","","","","    // run browser js-env code - post-init","    case 'browser':","        local.testCase_browser_nullCase = local.testCase_browser_nullCase || function (","            options,","            onError","        ) {","        /*","         * this function will test browsers's null-case handling-behavior-behavior","         */","            onError(null, options);","        };","","        // run tests","        local.nop(local.modeTest &&","            document.querySelector('#testRunButton1') &&","            document.querySelector('#testRunButton1').click());","        break;","","","","    // run node js-env code - post-init","    /* istanbul ignore next */","    case 'node':","        local.testCase_buildApidoc_default = local.testCase_buildApidoc_default || function (","            options,","            onError","        ) {","        /*","         * this function will test buildApidoc's default handling-behavior-behavior","         */","            options = { modulePathList: module.paths };","            local.buildApidoc(options, onError);","        };","","        local.testCase_buildApp_default = local.testCase_buildApp_default || function (","            options,","            onError","        ) {","        /*","         * this function will test buildApp's default handling-behavior-behavior","         */","            local.testCase_buildReadme_default(options, local.onErrorThrow);","            local.testCase_buildLib_default(options, local.onErrorThrow);","            local.testCase_buildTest_default(options, local.onErrorThrow);","            local.testCase_buildCustomOrg_default(options, local.onErrorThrow);","            options = [];","            local.buildApp(options, onError);","        };","","        local.testCase_buildCustomOrg_default = local.testCase_buildCustomOrg_default ||","            function (options, onError) {","            /*","             * this function will test buildCustomOrg's default handling-behavior","             */","                options = {};","                local.buildCustomOrg(options, onError);","            };","","        local.testCase_buildLib_default = local.testCase_buildLib_default || function (","            options,","            onError","        ) {","        /*","         * this function will test buildLib's default handling-behavior","         */","            options = {};","            local.buildLib(options, onError);","        };","","        local.testCase_buildReadme_default = local.testCase_buildReadme_default || function (","            options,","            onError","        ) {","        /*","         * this function will test buildReadme's default handling-behavior-behavior","         */","            options = {};","            local.buildReadme(options, onError);","        };","","        local.testCase_buildTest_default = local.testCase_buildTest_default || function (","            options,","            onError","        ) {","        /*","         * this function will test buildTest's default handling-behavior","         */","            options = {};","            local.buildTest(options, onError);","        };","","        local.testCase_webpage_default = local.testCase_webpage_default || function (","            options,","            onError","        ) {","        /*","         * this function will test webpage's default handling-behavior","         */","            options = { modeCoverageMerge: true, url: local.serverLocalHost + '?modeTest=1' };","            local.browserTest(options, onError);","        };","","        // run test-server","        local.testRunServer(local);","        break;","    }","}());",""],"l":{"12":2,"14":2,"19":2,"21":2,"23":2,"24":2,"25":2,"30":1,"37":2,"40":2,"43":1,"47":1,"50":1,"52":1,"55":2,"61":2,"62":2,"64":2,"70":1,"76":1,"82":2,"83":2,"85":2,"91":1,"98":1,"102":1,"105":1,"112":1,"119":1,"120":1,"123":1,"130":1,"131":1,"132":1,"133":1,"134":1,"135":1,"138":1,"143":2,"144":2,"147":1,"154":2,"155":2,"158":1,"165":2,"166":2,"169":1,"176":2,"177":2,"180":1,"187":1,"188":1,"192":1,"193":1}},"/home/travis/build/npmtest/node-npmtest-amqp10/lib.npmtest_amqp10.js":{"path":"/home/travis/build/npmtest/node-npmtest-amqp10/lib.npmtest_amqp10.js","s":{"1":2,"2":2,"3":2,"4":2,"5":2,"6":2,"7":2,"8":1,"9":2,"10":2,"11":2,"12":2,"13":1,"14":1,"15":1,"16":1},"b":{"1":[2,1,1,1],"2":[1,1,1,1],"3":[1,1],"4":[2,2],"5":[1,1]},"f":{"1":2,"2":2,"3":2},"fnMap":{"1":{"name":"(anonymous_1)","line":12,"loc":{"start":{"line":12,"column":1},"end":{"line":12,"column":13}}},"2":{"name":"(anonymous_2)","line":19,"loc":{"start":{"line":19,"column":5},"end":{"line":19,"column":17}}},"3":{"name":"(anonymous_3)","line":23,"loc":{"start":{"line":23,"column":24},"end":{"line":23,"column":36}}}},"statementMap":{"1":{"start":{"line":12,"column":0},"end":{"line":53,"column":5}},"2":{"start":{"line":14,"column":4},"end":{"line":14,"column":14}},"3":{"start":{"line":19,"column":4},"end":{"line":52,"column":9}},"4":{"start":{"line":21,"column":8},"end":{"line":21,"column":19}},"5":{"start":{"line":23,"column":8},"end":{"line":35,"column":13}},"6":{"start":{"line":24,"column":12},"end":{"line":34,"column":13}},"7":{"start":{"line":25,"column":16},"end":{"line":28,"column":30}},"8":{"start":{"line":30,"column":16},"end":{"line":33,"column":27}},"9":{"start":{"line":37,"column":8},"end":{"line":39,"column":21}},"10":{"start":{"line":41,"column":8},"end":{"line":41,"column":54}},"11":{"start":{"line":43,"column":8},"end":{"line":43,"column":51}},"12":{"start":{"line":45,"column":8},"end":{"line":51,"column":9}},"13":{"start":{"line":46,"column":12},"end":{"line":46,"column":57}},"14":{"start":{"line":48,"column":12},"end":{"line":48,"column":35}},"15":{"start":{"line":49,"column":12},"end":{"line":49,"column":49}},"16":{"start":{"line":50,"column":12},"end":{"line":50,"column":43}}},"branchMap":{"1":{"line":25,"type":"binary-expr","locations":[{"start":{"line":25,"column":23},"end":{"line":25,"column":62}},{"start":{"line":26,"column":20},"end":{"line":26,"column":70}},{"start":{"line":27,"column":20},"end":{"line":27,"column":71}},{"start":{"line":28,"column":20},"end":{"line":28,"column":29}}]},"2":{"line":30,"type":"binary-expr","locations":[{"start":{"line":30,"column":23},"end":{"line":30,"column":37}},{"start":{"line":31,"column":20},"end":{"line":31,"column":61}},{"start":{"line":32,"column":20},"end":{"line":32,"column":70}},{"start":{"line":33,"column":20},"end":{"line":33,"column":26}}]},"3":{"line":37,"type":"cond-expr","locations":[{"start":{"line":38,"column":14},"end":{"line":38,"column":20}},{"start":{"line":39,"column":14},"end":{"line":39,"column":20}}]},"4":{"line":41,"type":"binary-expr","locations":[{"start":{"line":41,"column":16},"end":{"line":41,"column":44}},{"start":{"line":41,"column":48},"end":{"line":41,"column":53}}]},"5":{"line":45,"type":"if","locations":[{"start":{"line":45,"column":8},"end":{"line":45,"column":8}},{"start":{"line":45,"column":8},"end":{"line":45,"column":8}}]}},"code":["/* istanbul instrument in package npmtest_amqp10 */","/*jslint","    bitwise: true,","    browser: true,","    maxerr: 8,","    maxlen: 96,","    node: true,","    nomen: true,","    regexp: true,","    stupid: true","*/","(function () {","    'use strict';","    var local;","","","","    // run shared js-env code - pre-init","    (function () {","        // init local","        local = {};","        // init modeJs","        local.modeJs = (function () {","            try {","                return typeof navigator.userAgent === 'string' &&","                    typeof document.querySelector('body') === 'object' &&","                    typeof XMLHttpRequest.prototype.open === 'function' &&","                    'browser';","            } catch (errorCaughtBrowser) {","                return module.exports &&","                    typeof process.versions.node === 'string' &&","                    typeof require('http').createServer === 'function' &&","                    'node';","            }","        }());","        // init global","        local.global = local.modeJs === 'browser'","            ? window","            : global;","        // init utility2_rollup","        local = local.global.utility2_rollup || local;","        // init lib","        local.local = local.npmtest_amqp10 = local;","        // init exports","        if (local.modeJs === 'browser') {","            local.global.utility2_npmtest_amqp10 = local;","        } else {","            module.exports = local;","            module.exports.__dirname = __dirname;","            module.exports.module = module;","        }","    }());","}());",""],"l":{"12":2,"14":2,"19":2,"21":2,"23":2,"24":2,"25":2,"30":1,"37":2,"41":2,"43":2,"45":2,"46":1,"48":1,"49":1,"50":1}},"/home/travis/build/npmtest/node-npmtest-amqp10/example.js":{"path":"/home/travis/build/npmtest/node-npmtest-amqp10/example.js","s":{"1":2,"2":2,"3":2,"4":2,"5":2,"6":2,"7":2,"8":1,"9":2,"10":2,"11":2,"12":2,"13":1,"14":2,"15":2,"16":2,"17":2,"18":2,"19":0,"20":2,"21":1,"22":1,"23":1,"24":1,"25":1,"26":0,"27":0,"28":1,"29":1,"30":2,"31":0,"32":0,"33":0,"34":1,"35":2,"36":2,"37":3,"38":3,"39":3,"40":3,"41":0,"42":3,"43":3,"44":3,"45":1,"46":3,"47":1,"48":1,"49":1,"50":1,"51":1,"52":1,"53":1,"54":1,"55":1,"56":1,"57":0,"58":1,"59":6,"60":6,"61":1,"62":2,"63":0,"64":2,"65":1,"66":1,"67":0,"68":0,"69":0,"70":0,"71":0,"72":0,"73":0,"74":0,"75":0,"76":0,"77":0,"78":0,"79":0,"80":0,"81":0,"82":0,"83":0},"b":{"1":[2,1,1,1],"2":[1,1,1,1],"3":[1,1],"4":[2,2],"5":[1,1],"6":[1,1],"7":[2,0],"8":[2,1,1,1,1,1],"9":[0,2,0],"10":[1,1],"11":[2,1,1],"12":[1,0],"13":[0,2],"14":[2,0,0,0,0,0,0],"15":[0,3],"16":[3,0],"17":[1,1],"18":[0,1],"19":[1,2,0,2],"20":[1,0],"21":[1,1],"22":[0,0],"23":[0,0],"24":[0,0],"25":[0,0],"26":[0,0],"27":[0,0],"28":[0,0]},"f":{"1":2,"2":2,"3":2,"4":2,"5":2,"6":2,"7":3,"8":3,"9":3,"10":1,"11":6,"12":0},"fnMap":{"1":{"name":"(anonymous_1)","line":26,"loc":{"start":{"line":26,"column":1},"end":{"line":26,"column":13}}},"2":{"name":"(anonymous_2)","line":33,"loc":{"start":{"line":33,"column":5},"end":{"line":33,"column":17}}},"3":{"name":"(anonymous_3)","line":37,"loc":{"start":{"line":37,"column":24},"end":{"line":37,"column":36}}},"4":{"name":"(anonymous_4)","line":69,"loc":{"start":{"line":69,"column":31},"end":{"line":69,"column":48}},"skip":true},"5":{"name":"(anonymous_5)","line":78,"loc":{"start":{"line":78,"column":26},"end":{"line":78,"column":45}},"skip":true},"6":{"name":"(anonymous_6)","line":123,"loc":{"start":{"line":123,"column":33},"end":{"line":123,"column":48}},"skip":true},"7":{"name":"(anonymous_7)","line":125,"loc":{"start":{"line":125,"column":27},"end":{"line":125,"column":39}},"skip":true},"8":{"name":"(anonymous_8)","line":133,"loc":{"start":{"line":133,"column":59},"end":{"line":133,"column":74}},"skip":true},"9":{"name":"(anonymous_9)","line":143,"loc":{"start":{"line":143,"column":45},"end":{"line":143,"column":62}},"skip":true},"10":{"name":"(anonymous_10)","line":144,"loc":{"start":{"line":144,"column":73},"end":{"line":144,"column":92}},"skip":true},"11":{"name":"(anonymous_11)","line":272,"loc":{"start":{"line":272,"column":51},"end":{"line":272,"column":77}},"skip":true},"12":{"name":"(anonymous_12)","line":315,"loc":{"start":{"line":315,"column":32},"end":{"line":315,"column":61}},"skip":true}},"statementMap":{"1":{"start":{"line":26,"column":0},"end":{"line":326,"column":5}},"2":{"start":{"line":28,"column":4},"end":{"line":28,"column":14}},"3":{"start":{"line":33,"column":4},"end":{"line":60,"column":9}},"4":{"start":{"line":35,"column":8},"end":{"line":35,"column":19}},"5":{"start":{"line":37,"column":8},"end":{"line":49,"column":13}},"6":{"start":{"line":38,"column":12},"end":{"line":48,"column":13}},"7":{"start":{"line":39,"column":16},"end":{"line":42,"column":30}},"8":{"start":{"line":44,"column":16},"end":{"line":47,"column":27}},"9":{"start":{"line":51,"column":8},"end":{"line":53,"column":21}},"10":{"start":{"line":55,"column":8},"end":{"line":57,"column":45}},"11":{"start":{"line":59,"column":8},"end":{"line":59,"column":35}},"12":{"start":{"line":61,"column":4},"end":{"line":325,"column":5}},"13":{"start":{"line":69,"column":8},"end":{"line":121,"column":10},"skip":true},"14":{"start":{"line":70,"column":12},"end":{"line":88,"column":13},"skip":true},"15":{"start":{"line":76,"column":16},"end":{"line":87,"column":19},"skip":true},"16":{"start":{"line":79,"column":20},"end":{"line":86,"column":21},"skip":true},"17":{"start":{"line":82,"column":24},"end":{"line":82,"column":43},"skip":true},"18":{"start":{"line":83,"column":24},"end":{"line":83,"column":30},"skip":true},"19":{"start":{"line":85,"column":24},"end":{"line":85,"column":49},"skip":true},"20":{"start":{"line":89,"column":12},"end":{"line":107,"column":13},"skip":true},"21":{"start":{"line":92,"column":16},"end":{"line":102,"column":17},"skip":true},"22":{"start":{"line":93,"column":20},"end":{"line":93,"column":86},"skip":true},"23":{"start":{"line":94,"column":20},"end":{"line":95,"column":45},"skip":true},"24":{"start":{"line":96,"column":20},"end":{"line":96,"column":42},"skip":true},"25":{"start":{"line":97,"column":20},"end":{"line":97,"column":48},"skip":true},"26":{"start":{"line":100,"column":20},"end":{"line":100,"column":85},"skip":true},"27":{"start":{"line":101,"column":20},"end":{"line":101,"column":96},"skip":true},"28":{"start":{"line":103,"column":16},"end":{"line":103,"column":22},"skip":true},"29":{"start":{"line":106,"column":16},"end":{"line":106,"column":22},"skip":true},"30":{"start":{"line":108,"column":12},"end":{"line":120,"column":13},"skip":true},"31":{"start":{"line":114,"column":16},"end":{"line":119,"column":17},"skip":true},"32":{"start":{"line":116,"column":20},"end":{"line":116,"column":78},"skip":true},"33":{"start":{"line":118,"column":20},"end":{"line":118,"column":47},"skip":true},"34":{"start":{"line":123,"column":8},"end":{"line":141,"column":11},"skip":true},"35":{"start":{"line":124,"column":12},"end":{"line":124,"column":54},"skip":true},"36":{"start":{"line":125,"column":12},"end":{"line":140,"column":14},"skip":true},"37":{"start":{"line":126,"column":16},"end":{"line":126,"column":28},"skip":true},"38":{"start":{"line":127,"column":16},"end":{"line":127,"column":69},"skip":true},"39":{"start":{"line":128,"column":16},"end":{"line":128,"column":75},"skip":true},"40":{"start":{"line":129,"column":16},"end":{"line":131,"column":17},"skip":true},"41":{"start":{"line":130,"column":20},"end":{"line":130,"column":27},"skip":true},"42":{"start":{"line":133,"column":16},"end":{"line":137,"column":36},"skip":true},"43":{"start":{"line":134,"column":20},"end":{"line":136,"column":55},"skip":true},"44":{"start":{"line":139,"column":16},"end":{"line":139,"column":57},"skip":true},"45":{"start":{"line":143,"column":8},"end":{"line":147,"column":11},"skip":true},"46":{"start":{"line":144,"column":12},"end":{"line":146,"column":15},"skip":true},"47":{"start":{"line":145,"column":16},"end":{"line":145,"column":70},"skip":true},"48":{"start":{"line":149,"column":8},"end":{"line":149,"column":31},"skip":true},"49":{"start":{"line":150,"column":8},"end":{"line":150,"column":14},"skip":true},"50":{"start":{"line":158,"column":8},"end":{"line":158,"column":31},"skip":true},"51":{"start":{"line":160,"column":8},"end":{"line":160,"column":33},"skip":true},"52":{"start":{"line":161,"column":8},"end":{"line":161,"column":37},"skip":true},"53":{"start":{"line":162,"column":8},"end":{"line":162,"column":35},"skip":true},"54":{"start":{"line":164,"column":8},"end":{"line":164,"column":50},"skip":true},"55":{"start":{"line":166,"column":8},"end":{"line":256,"column":2},"skip":true},"56":{"start":{"line":258,"column":8},"end":{"line":286,"column":9},"skip":true},"57":{"start":{"line":259,"column":12},"end":{"line":269,"column":14},"skip":true},"58":{"start":{"line":271,"column":12},"end":{"line":285,"column":19},"skip":true},"59":{"start":{"line":274,"column":20},"end":{"line":274,"column":35},"skip":true},"60":{"start":{"line":275,"column":20},"end":{"line":284,"column":21},"skip":true},"61":{"start":{"line":277,"column":24},"end":{"line":277,"column":64},"skip":true},"62":{"start":{"line":279,"column":24},"end":{"line":279,"column":40},"skip":true},"63":{"start":{"line":281,"column":24},"end":{"line":281,"column":40},"skip":true},"64":{"start":{"line":283,"column":24},"end":{"line":283,"column":39},"skip":true},"65":{"start":{"line":288,"column":8},"end":{"line":290,"column":9},"skip":true},"66":{"start":{"line":289,"column":12},"end":{"line":289,"column":18},"skip":true},"67":{"start":{"line":291,"column":8},"end":{"line":293,"column":54},"skip":true},"68":{"start":{"line":296,"column":8},"end":{"line":301,"column":37},"skip":true},"69":{"start":{"line":303,"column":8},"end":{"line":303,"column":82},"skip":true},"70":{"start":{"line":306,"column":8},"end":{"line":308,"column":9},"skip":true},"71":{"start":{"line":307,"column":12},"end":{"line":307,"column":82},"skip":true},"72":{"start":{"line":310,"column":8},"end":{"line":312,"column":9},"skip":true},"73":{"start":{"line":311,"column":12},"end":{"line":311,"column":18},"skip":true},"74":{"start":{"line":313,"column":8},"end":{"line":313,"column":54},"skip":true},"75":{"start":{"line":314,"column":8},"end":{"line":314,"column":69},"skip":true},"76":{"start":{"line":315,"column":8},"end":{"line":323,"column":36},"skip":true},"77":{"start":{"line":316,"column":12},"end":{"line":316,"column":61},"skip":true},"78":{"start":{"line":317,"column":12},"end":{"line":320,"column":13},"skip":true},"79":{"start":{"line":318,"column":16},"end":{"line":318,"column":75},"skip":true},"80":{"start":{"line":319,"column":16},"end":{"line":319,"column":23},"skip":true},"81":{"start":{"line":321,"column":12},"end":{"line":321,"column":38},"skip":true},"82":{"start":{"line":322,"column":12},"end":{"line":322,"column":27},"skip":true},"83":{"start":{"line":324,"column":8},"end":{"line":324,"column":14},"skip":true}},"branchMap":{"1":{"line":39,"type":"binary-expr","locations":[{"start":{"line":39,"column":23},"end":{"line":39,"column":62}},{"start":{"line":40,"column":20},"end":{"line":40,"column":70}},{"start":{"line":41,"column":20},"end":{"line":41,"column":71}},{"start":{"line":42,"column":20},"end":{"line":42,"column":29}}]},"2":{"line":44,"type":"binary-expr","locations":[{"start":{"line":44,"column":23},"end":{"line":44,"column":37}},{"start":{"line":45,"column":20},"end":{"line":45,"column":61}},{"start":{"line":46,"column":20},"end":{"line":46,"column":70}},{"start":{"line":47,"column":20},"end":{"line":47,"column":26}}]},"3":{"line":51,"type":"cond-expr","locations":[{"start":{"line":52,"column":14},"end":{"line":52,"column":20}},{"start":{"line":53,"column":14},"end":{"line":53,"column":20}}]},"4":{"line":55,"type":"binary-expr","locations":[{"start":{"line":55,"column":16},"end":{"line":55,"column":44}},{"start":{"line":55,"column":49},"end":{"line":57,"column":43}}]},"5":{"line":55,"type":"cond-expr","locations":[{"start":{"line":56,"column":14},"end":{"line":56,"column":50}},{"start":{"line":57,"column":14},"end":{"line":57,"column":43}}]},"6":{"line":61,"type":"switch","locations":[{"start":{"line":68,"column":4},"end":{"line":150,"column":14},"skip":true},{"start":{"line":156,"column":4},"end":{"line":324,"column":14},"skip":true}]},"7":{"line":70,"type":"if","locations":[{"start":{"line":70,"column":12},"end":{"line":70,"column":12},"skip":true},{"start":{"line":70,"column":12},"end":{"line":70,"column":12},"skip":true}]},"8":{"line":70,"type":"binary-expr","locations":[{"start":{"line":70,"column":16},"end":{"line":70,"column":22},"skip":true},{"start":{"line":70,"column":27},"end":{"line":70,"column":32},"skip":true},{"start":{"line":71,"column":20},"end":{"line":71,"column":39},"skip":true},{"start":{"line":72,"column":20},"end":{"line":72,"column":49},"skip":true},{"start":{"line":73,"column":20},"end":{"line":73,"column":58},"skip":true},{"start":{"line":74,"column":20},"end":{"line":74,"column":69},"skip":true}]},"9":{"line":79,"type":"switch","locations":[{"start":{"line":80,"column":20},"end":{"line":80,"column":33},"skip":true},{"start":{"line":81,"column":20},"end":{"line":83,"column":30},"skip":true},{"start":{"line":84,"column":20},"end":{"line":85,"column":49},"skip":true}]},"10":{"line":89,"type":"switch","locations":[{"start":{"line":90,"column":12},"end":{"line":103,"column":22},"skip":true},{"start":{"line":105,"column":12},"end":{"line":106,"column":22},"skip":true}]},"11":{"line":89,"type":"binary-expr","locations":[{"start":{"line":89,"column":20},"end":{"line":89,"column":25},"skip":true},{"start":{"line":89,"column":29},"end":{"line":89,"column":48},"skip":true},{"start":{"line":89,"column":52},"end":{"line":89,"column":74},"skip":true}]},"12":{"line":92,"type":"if","locations":[{"start":{"line":92,"column":16},"end":{"line":92,"column":16},"skip":true},{"start":{"line":92,"column":16},"end":{"line":92,"column":16},"skip":true}]},"13":{"line":108,"type":"if","locations":[{"start":{"line":108,"column":12},"end":{"line":108,"column":12},"skip":true},{"start":{"line":108,"column":12},"end":{"line":108,"column":12},"skip":true}]},"14":{"line":108,"type":"binary-expr","locations":[{"start":{"line":108,"column":16},"end":{"line":108,"column":61},"skip":true},{"start":{"line":108,"column":66},"end":{"line":108,"column":72},"skip":true},{"start":{"line":108,"column":77},"end":{"line":108,"column":82},"skip":true},{"start":{"line":109,"column":20},"end":{"line":109,"column":39},"skip":true},{"start":{"line":110,"column":20},"end":{"line":110,"column":49},"skip":true},{"start":{"line":111,"column":20},"end":{"line":111,"column":58},"skip":true},{"start":{"line":112,"column":20},"end":{"line":112,"column":68},"skip":true}]},"15":{"line":129,"type":"if","locations":[{"start":{"line":129,"column":16},"end":{"line":129,"column":16},"skip":true},{"start":{"line":129,"column":16},"end":{"line":129,"column":16},"skip":true}]},"16":{"line":134,"type":"cond-expr","locations":[{"start":{"line":135,"column":26},"end":{"line":135,"column":29},"skip":true},{"start":{"line":136,"column":26},"end":{"line":136,"column":54},"skip":true}]},"17":{"line":164,"type":"binary-expr","locations":[{"start":{"line":164,"column":27},"end":{"line":164,"column":43},"skip":true},{"start":{"line":164,"column":47},"end":{"line":164,"column":49},"skip":true}]},"18":{"line":258,"type":"if","locations":[{"start":{"line":258,"column":8},"end":{"line":258,"column":8},"skip":true},{"start":{"line":258,"column":8},"end":{"line":258,"column":8},"skip":true}]},"19":{"line":275,"type":"switch","locations":[{"start":{"line":276,"column":20},"end":{"line":277,"column":64},"skip":true},{"start":{"line":278,"column":20},"end":{"line":279,"column":40},"skip":true},{"start":{"line":280,"column":20},"end":{"line":281,"column":40},"skip":true},{"start":{"line":282,"column":20},"end":{"line":283,"column":39},"skip":true}]},"20":{"line":288,"type":"if","locations":[{"start":{"line":288,"column":8},"end":{"line":288,"column":8},"skip":true},{"start":{"line":288,"column":8},"end":{"line":288,"column":8},"skip":true}]},"21":{"line":288,"type":"binary-expr","locations":[{"start":{"line":288,"column":12},"end":{"line":288,"column":40},"skip":true},{"start":{"line":288,"column":44},"end":{"line":288,"column":67},"skip":true}]},"22":{"line":292,"type":"binary-expr","locations":[{"start":{"line":292,"column":12},"end":{"line":292,"column":50},"skip":true},{"start":{"line":293,"column":12},"end":{"line":293,"column":53},"skip":true}]},"23":{"line":297,"type":"binary-expr","locations":[{"start":{"line":297,"column":12},"end":{"line":297,"column":64},"skip":true},{"start":{"line":298,"column":12},"end":{"line":301,"column":36},"skip":true}]},"24":{"line":303,"type":"binary-expr","locations":[{"start":{"line":303,"column":43},"end":{"line":303,"column":75},"skip":true},{"start":{"line":303,"column":79},"end":{"line":303,"column":81},"skip":true}]},"25":{"line":306,"type":"if","locations":[{"start":{"line":306,"column":8},"end":{"line":306,"column":8},"skip":true},{"start":{"line":306,"column":8},"end":{"line":306,"column":8},"skip":true}]},"26":{"line":310,"type":"if","locations":[{"start":{"line":310,"column":8},"end":{"line":310,"column":8},"skip":true},{"start":{"line":310,"column":8},"end":{"line":310,"column":8},"skip":true}]},"27":{"line":313,"type":"binary-expr","locations":[{"start":{"line":313,"column":27},"end":{"line":313,"column":43},"skip":true},{"start":{"line":313,"column":47},"end":{"line":313,"column":53},"skip":true}]},"28":{"line":317,"type":"if","locations":[{"start":{"line":317,"column":12},"end":{"line":317,"column":12},"skip":true},{"start":{"line":317,"column":12},"end":{"line":317,"column":12},"skip":true}]}},"code":["/*","example.js","","quickstart example","","instruction","    1. save this script as example.js","    2. run the shell command:","        $ npm install npmtest-amqp10 && PORT=8081 node example.js","    3. play with the browser-demo on http://127.0.0.1:8081","*/","","","","/* istanbul instrument in package npmtest_amqp10 */","/*jslint","    bitwise: true,","    browser: true,","    maxerr: 8,","    maxlen: 96,","    node: true,","    nomen: true,","    regexp: true,","    stupid: true","*/","(function () {","    'use strict';","    var local;","","","","    // run shared js-env code - pre-init","    (function () {","        // init local","        local = {};","        // init modeJs","        local.modeJs = (function () {","            try {","                return typeof navigator.userAgent === 'string' &&","                    typeof document.querySelector('body') === 'object' &&","                    typeof XMLHttpRequest.prototype.open === 'function' &&","                    'browser';","            } catch (errorCaughtBrowser) {","                return module.exports &&","                    typeof process.versions.node === 'string' &&","                    typeof require('http').createServer === 'function' &&","                    'node';","            }","        }());","        // init global","        local.global = local.modeJs === 'browser'","            ? window","            : global;","        // init utility2_rollup","        local = local.global.utility2_rollup || (local.modeJs === 'browser'","            ? local.global.utility2_npmtest_amqp10","            : global.utility2_moduleExports);","        // export local","        local.global.local = local;","    }());","    switch (local.modeJs) {","","","","    // post-init","    // run browser js-env code - post-init","    /* istanbul ignore next */","    case 'browser':","        local.testRunBrowser = function (event) {","            if (!event || (event &&","                    event.currentTarget &&","                    event.currentTarget.className &&","                    event.currentTarget.className.includes &&","                    event.currentTarget.className.includes('onreset'))) {","                // reset output","                Array.from(","                    document.querySelectorAll('body > .resettable')","                ).forEach(function (element) {","                    switch (element.tagName) {","                    case 'INPUT':","                    case 'TEXTAREA':","                        element.value = '';","                        break;","                    default:","                        element.textContent = '';","                    }","                });","            }","            switch (event && event.currentTarget && event.currentTarget.id) {","            case 'testRunButton1':","                // show tests","                if (document.querySelector('#testReportDiv1').style.display === 'none') {","                    document.querySelector('#testReportDiv1').style.display = 'block';","                    document.querySelector('#testRunButton1').textContent =","                        'hide internal test';","                    local.modeTest = true;","                    local.testRunDefault(local);","                // hide tests","                } else {","                    document.querySelector('#testReportDiv1').style.display = 'none';","                    document.querySelector('#testRunButton1').textContent = 'run internal test';","                }","                break;","            // custom-case","            default:","                break;","            }","            if (document.querySelector('#inputTextareaEval1') && (!event || (event &&","                    event.currentTarget &&","                    event.currentTarget.className &&","                    event.currentTarget.className.includes &&","                    event.currentTarget.className.includes('oneval')))) {","                // try to eval input-code","                try {","                    /*jslint evil: true*/","                    eval(document.querySelector('#inputTextareaEval1').value);","                } catch (errorCaught) {","                    console.error(errorCaught);","                }","            }","        };","        // log stderr and stdout to #outputTextareaStdout1","        ['error', 'log'].forEach(function (key) {","            console[key + '_original'] = console[key];","            console[key] = function () {","                var element;","                console[key + '_original'].apply(console, arguments);","                element = document.querySelector('#outputTextareaStdout1');","                if (!element) {","                    return;","                }","                // append text to #outputTextareaStdout1","                element.value += Array.from(arguments).map(function (arg) {","                    return typeof arg === 'string'","                        ? arg","                        : JSON.stringify(arg, null, 4);","                }).join(' ') + '\\n';","                // scroll textarea to bottom","                element.scrollTop = element.scrollHeight;","            };","        });","        // init event-handling","        ['change', 'click', 'keyup'].forEach(function (event) {","            Array.from(document.querySelectorAll('.on' + event)).forEach(function (element) {","                element.addEventListener(event, local.testRunBrowser);","            });","        });","        // run tests","        local.testRunBrowser();","        break;","","","","    // run node js-env code - post-init","    /* istanbul ignore next */","    case 'node':","        // export local","        module.exports = local;","        // require modules","        local.fs = require('fs');","        local.http = require('http');","        local.url = require('url');","        // init assets","        local.assetsDict = local.assetsDict || {};","        /* jslint-ignore-begin */","        local.assetsDict['/assets.index.template.html'] = '\\","<!doctype html>\\n\\","<html lang=\"en\">\\n\\","<head>\\n\\","<meta charset=\"UTF-8\">\\n\\","<meta name=\"viewport\" content=\"width=device-width, initial-scale=1\">\\n\\","<title>{{env.npm_package_name}} (v{{env.npm_package_version}})</title>\\n\\","<style>\\n\\","/*csslint\\n\\","    box-sizing: false,\\n\\","    universal-selector: false\\n\\","*/\\n\\","* {\\n\\","    box-sizing: border-box;\\n\\","}\\n\\","body {\\n\\","    background: #dde;\\n\\","    font-family: Arial, Helvetica, sans-serif;\\n\\","    margin: 2rem;\\n\\","}\\n\\","body > * {\\n\\","    margin-bottom: 1rem;\\n\\","}\\n\\",".utility2FooterDiv {\\n\\","    margin-top: 20px;\\n\\","    text-align: center;\\n\\","}\\n\\","</style>\\n\\","<style>\\n\\","/*csslint\\n\\","*/\\n\\","textarea {\\n\\","    font-family: monospace;\\n\\","    height: 10rem;\\n\\","    width: 100%;\\n\\","}\\n\\","textarea[readonly] {\\n\\","    background: #ddd;\\n\\","}\\n\\","</style>\\n\\","</head>\\n\\","<body>\\n\\","<!-- utility2-comment\\n\\","<div id=\"ajaxProgressDiv1\" style=\"background: #d00; height: 2px; left: 0; margin: 0; padding: 0; position: fixed; top: 0; transition: background 0.5s, width 1.5s; width: 25%;\"></div>\\n\\","utility2-comment -->\\n\\","<h1>\\n\\","<!-- utility2-comment\\n\\","    <a\\n\\","        {{#if env.npm_package_homepage}}\\n\\","        href=\"{{env.npm_package_homepage}}\"\\n\\","        {{/if env.npm_package_homepage}}\\n\\","        target=\"_blank\"\\n\\","    >\\n\\","utility2-comment -->\\n\\","        {{env.npm_package_name}} (v{{env.npm_package_version}})\\n\\","<!-- utility2-comment\\n\\","    </a>\\n\\","utility2-comment -->\\n\\","</h1>\\n\\","<h3>{{env.npm_package_description}}</h3>\\n\\","<!-- utility2-comment\\n\\","<h4><a download href=\"assets.app.js\">download standalone app</a></h4>\\n\\","<button class=\"onclick onreset\" id=\"testRunButton1\">run internal test</button><br>\\n\\","<div id=\"testReportDiv1\" style=\"display: none;\"></div>\\n\\","utility2-comment -->\\n\\","\\n\\","\\n\\","\\n\\","<label>stderr and stdout</label>\\n\\","<textarea class=\"resettable\" id=\"outputTextareaStdout1\" readonly></textarea>\\n\\","<!-- utility2-comment\\n\\","{{#if isRollup}}\\n\\","<script src=\"assets.app.js\"></script>\\n\\","{{#unless isRollup}}\\n\\","utility2-comment -->\\n\\","<script src=\"assets.utility2.rollup.js\"></script>\\n\\","<script src=\"jsonp.utility2._stateInit?callback=window.utility2._stateInit\"></script>\\n\\","<script src=\"assets.npmtest_amqp10.rollup.js\"></script>\\n\\","<script src=\"assets.example.js\"></script>\\n\\","<script src=\"assets.test.js\"></script>\\n\\","<!-- utility2-comment\\n\\","{{/if isRollup}}\\n\\","utility2-comment -->\\n\\","<div class=\"utility2FooterDiv\">\\n\\","    [ this app was created with\\n\\","    <a href=\"https://github.com/kaizhu256/node-utility2\" target=\"_blank\">utility2</a>\\n\\","    ]\\n\\","</div>\\n\\","</body>\\n\\","</html>\\n\\","';","        /* jslint-ignore-end */","        if (local.templateRender) {","            local.assetsDict['/'] = local.templateRender(","                local.assetsDict['/assets.index.template.html'],","                {","                    env: local.objectSetDefault(local.env, {","                        npm_package_description: 'the greatest app in the world!',","                        npm_package_name: 'my-app',","                        npm_package_nameAlias: 'my_app',","                        npm_package_version: '0.0.1'","                    })","                }","            );","        } else {","            local.assetsDict['/'] = local.assetsDict['/assets.index.template.html']","                .replace((/\\{\\{env\\.(\\w+?)\\}\\}/g), function (match0, match1) {","                    // jslint-hack","                    String(match0);","                    switch (match1) {","                    case 'npm_package_description':","                        return 'the greatest app in the world!';","                    case 'npm_package_name':","                        return 'my-app';","                    case 'npm_package_nameAlias':","                        return 'my_app';","                    case 'npm_package_version':","                        return '0.0.1';","                    }","                });","        }","        // run the cli","        if (local.global.utility2_rollup || module !== require.main) {","            break;","        }","        local.assetsDict['/assets.example.js'] =","            local.assetsDict['/assets.example.js'] ||","            local.fs.readFileSync(__filename, 'utf8');","        // bug-workaround - long $npm_package_buildCustomOrg","        /* jslint-ignore-begin */","        local.assetsDict['/assets.npmtest_amqp10.rollup.js'] =","            local.assetsDict['/assets.npmtest_amqp10.rollup.js'] ||","            local.fs.readFileSync(","                local.npmtest_amqp10.__dirname + '/lib.npmtest_amqp10.js',","                'utf8'","            ).replace((/^#!/), '//');","        /* jslint-ignore-end */","        local.assetsDict['/favicon.ico'] = local.assetsDict['/favicon.ico'] || '';","        // if $npm_config_timeout_exit exists,","        // then exit this process after $npm_config_timeout_exit ms","        if (Number(process.env.npm_config_timeout_exit)) {","            setTimeout(process.exit, Number(process.env.npm_config_timeout_exit));","        }","        // start server","        if (local.global.utility2_serverHttp1) {","            break;","        }","        process.env.PORT = process.env.PORT || '8081';","        console.error('server starting on port ' + process.env.PORT);","        local.http.createServer(function (request, response) {","            request.urlParsed = local.url.parse(request.url);","            if (local.assetsDict[request.urlParsed.pathname] !== undefined) {","                response.end(local.assetsDict[request.urlParsed.pathname]);","                return;","            }","            response.statusCode = 404;","            response.end();","        }).listen(process.env.PORT);","        break;","    }","}());",""],"l":{"26":2,"28":2,"33":2,"35":2,"37":2,"38":2,"39":2,"44":1,"51":2,"55":2,"59":2,"61":2,"69":1,"70":2,"76":2,"79":2,"82":2,"83":2,"85":1,"89":2,"92":1,"93":1,"94":1,"96":1,"97":1,"100":1,"101":1,"103":1,"106":1,"108":2,"114":1,"116":1,"118":1,"123":1,"124":2,"125":2,"126":3,"127":3,"128":3,"129":3,"130":1,"133":3,"134":3,"139":3,"143":1,"144":3,"145":1,"149":1,"150":1,"158":1,"160":1,"161":1,"162":1,"164":1,"166":1,"258":1,"259":1,"271":1,"274":6,"275":6,"277":1,"279":2,"281":1,"283":2,"288":1,"289":1,"291":1,"296":1,"303":1,"306":1,"307":1,"310":1,"311":1,"313":1,"314":1,"315":1,"316":1,"317":1,"318":1,"319":1,"321":1,"322":1,"324":1}},"/home/travis/build/npmtest/node-npmtest-amqp10/node_modules/amqp10/lib/index.js":{"path":"/home/travis/build/npmtest/node-npmtest-amqp10/node_modules/amqp10/lib/index.js","s":{"1":1,"2":1,"3":0,"4":0,"5":0,"6":0},"b":{"1":[0,0],"2":[0,0]},"f":{"1":0,"2":0},"fnMap":{"1":{"name":"(anonymous_1)","line":27,"loc":{"start":{"line":27,"column":11},"end":{"line":27,"column":37}}},"2":{"name":"(anonymous_2)","line":44,"loc":{"start":{"line":44,"column":7},"end":{"line":44,"column":24}}}},"statementMap":{"1":{"start":{"line":2,"column":0},"end":{"line":5,"column":31}},"2":{"start":{"line":7,"column":0},"end":{"line":51,"column":2}},"3":{"start":{"line":27,"column":39},"end":{"line":27,"column":88}},"4":{"start":{"line":45,"column":4},"end":{"line":47,"column":5}},"5":{"start":{"line":46,"column":6},"end":{"line":46,"column":50}},"6":{"start":{"line":49,"column":4},"end":{"line":49,"column":19}}},"branchMap":{"1":{"line":27,"type":"binary-expr","locations":[{"start":{"line":27,"column":66},"end":{"line":27,"column":70}},{"start":{"line":27,"column":74},"end":{"line":27,"column":86}}]},"2":{"line":45,"type":"if","locations":[{"start":{"line":45,"column":4},"end":{"line":45,"column":4}},{"start":{"line":45,"column":4},"end":{"line":45,"column":4}}]}},"code":["'use strict';","var Policy = require('./policies/policy'),","    Client = require('./amqp_client'),","    pu = require('./policies/policy_utilities'),","    types = require('./types');","","module.exports = {","  Client: Client,","  Constants: require('./constants'),","  Errors: require('./errors'),","  Type: types.Type,","","  /**","   * Policies encode many of the optional behaviors and settings of AMQP into a","   * cohesive place that could potentially be standardized, could be loaded from","   * JSON, etc.","   */","  Policy: {","    PolicyBase: Policy,","    Default: new Policy(),","    EventHub: require('./policies/event_hub_policy'),","    ServiceBusQueue: require('./policies/service_bus_queue_policy'),","    ServiceBusTopic: require('./policies/service_bus_topic_policy'),","    QpidJava: require('./policies/qpid_java_policy'),","    ActiveMQ: require('./policies/activemq_policy'),","    Utils: pu,","    merge: function(overrides, base) { return pu.Merge(overrides, base || new Policy()); }","  },","","  TransportProvider: require('./transport'),","  AbstractTransport: require('./transport/abstract_transport'),","  DescribedType: require('./types/described_type'),","","  /**","   * translator, which allows you to translate from node-amqp-encoder'd","   * values into the internal types used in this library. (e.g.","   * [ 'symbol', 'symval' ] => Symbol('symval') ).","   */","  translator: require('./adapters/translate_encoder'),","","  /**","   * Syntactic sugar for pluggable amqp10 Client behaviors","   */","  use: function(plugin) {","    if (typeof plugin !== 'function') {","      throw new Error('Plugin is not a function');","    }","","    plugin(Client);","  }","};",""],"l":{"2":1,"7":1,"27":0,"45":0,"46":0,"49":0}},"/home/travis/build/npmtest/node-npmtest-amqp10/node_modules/amqp10/lib/policies/policy.js":{"path":"/home/travis/build/npmtest/node-npmtest-amqp10/node_modules/amqp10/lib/policies/policy.js","s":{"1":1,"2":1,"3":4,"4":0,"5":1,"6":8,"7":8,"8":8,"9":0,"10":1,"11":4,"12":0,"13":4,"14":4,"15":4,"16":1,"17":0,"18":0,"19":0,"20":0,"21":0,"22":0,"23":0,"24":1,"25":0,"26":0,"27":0,"28":0,"29":0,"30":0,"31":0,"32":0,"33":0,"34":0,"35":0,"36":0,"37":0,"38":0,"39":0,"40":0,"41":0,"42":1},"b":{"1":[0,4],"2":[0,0],"3":[0,0],"4":[0,0],"5":[0,0],"6":[0,0],"7":[0,0],"8":[0,0],"9":[0,0],"10":[0,0],"11":[0,0]},"f":{"1":4,"2":0,"3":8,"4":0,"5":4,"6":0,"7":0},"fnMap":{"1":{"name":"containerName","line":7,"loc":{"start":{"line":7,"column":0},"end":{"line":7,"column":25}}},"2":{"name":"(anonymous_2)","line":8,"loc":{"start":{"line":8,"column":9},"end":{"line":8,"column":20}}},"3":{"name":"linkName","line":11,"loc":{"start":{"line":11,"column":0},"end":{"line":11,"column":26}}},"4":{"name":"(anonymous_4)","line":14,"loc":{"start":{"line":14,"column":9},"end":{"line":14,"column":20}}},"5":{"name":"Policy","line":25,"loc":{"start":{"line":25,"column":0},"end":{"line":25,"column":27}}},"6":{"name":"(anonymous_6)","line":198,"loc":{"start":{"line":198,"column":36},"end":{"line":198,"column":54}}},"7":{"name":"(anonymous_7)","line":217,"loc":{"start":{"line":217,"column":32},"end":{"line":217,"column":50}}}},"statementMap":{"1":{"start":{"line":2,"column":0},"end":{"line":5,"column":32}},"2":{"start":{"line":7,"column":0},"end":{"line":9,"column":1}},"3":{"start":{"line":8,"column":2},"end":{"line":8,"column":52}},"4":{"start":{"line":8,"column":22},"end":{"line":8,"column":49}},"5":{"start":{"line":11,"column":0},"end":{"line":17,"column":1}},"6":{"start":{"line":12,"column":2},"end":{"line":12,"column":13}},"7":{"start":{"line":13,"column":2},"end":{"line":13,"column":19}},"8":{"start":{"line":14,"column":2},"end":{"line":16,"column":4}},"9":{"start":{"line":15,"column":4},"end":{"line":15,"column":24}},"10":{"start":{"line":25,"column":0},"end":{"line":184,"column":1}},"11":{"start":{"line":26,"column":2},"end":{"line":27,"column":33}},"12":{"start":{"line":27,"column":4},"end":{"line":27,"column":33}},"13":{"start":{"line":29,"column":2},"end":{"line":180,"column":5}},"14":{"start":{"line":182,"column":2},"end":{"line":182,"column":36}},"15":{"start":{"line":183,"column":2},"end":{"line":183,"column":14}},"16":{"start":{"line":198,"column":0},"end":{"line":208,"column":2}},"17":{"start":{"line":200,"column":2},"end":{"line":202,"column":3}},"18":{"start":{"line":201,"column":4},"end":{"line":201,"column":29}},"19":{"start":{"line":204,"column":2},"end":{"line":204,"column":33}},"20":{"start":{"line":205,"column":2},"end":{"line":205,"column":39}},"21":{"start":{"line":206,"column":2},"end":{"line":206,"column":51}},"22":{"start":{"line":206,"column":20},"end":{"line":206,"column":51}},"23":{"start":{"line":207,"column":2},"end":{"line":207,"column":16}},"24":{"start":{"line":217,"column":0},"end":{"line":248,"column":2}},"25":{"start":{"line":218,"column":2},"end":{"line":218,"column":41}},"26":{"start":{"line":219,"column":2},"end":{"line":226,"column":4}},"27":{"start":{"line":228,"column":2},"end":{"line":235,"column":3}},"28":{"start":{"line":229,"column":4},"end":{"line":229,"column":47}},"29":{"start":{"line":231,"column":4},"end":{"line":234,"column":5}},"30":{"start":{"line":232,"column":19},"end":{"line":232,"column":55}},"31":{"start":{"line":232,"column":56},"end":{"line":232,"column":62}},"32":{"start":{"line":233,"column":20},"end":{"line":233,"column":59}},"33":{"start":{"line":233,"column":60},"end":{"line":233,"column":66}},"34":{"start":{"line":237,"column":2},"end":{"line":237,"column":43}},"35":{"start":{"line":238,"column":2},"end":{"line":244,"column":3}},"36":{"start":{"line":239,"column":4},"end":{"line":239,"column":47}},"37":{"start":{"line":241,"column":4},"end":{"line":241,"column":52}},"38":{"start":{"line":242,"column":4},"end":{"line":242,"column":30}},"39":{"start":{"line":243,"column":4},"end":{"line":243,"column":38}},"40":{"start":{"line":246,"column":2},"end":{"line":246,"column":52}},"41":{"start":{"line":247,"column":2},"end":{"line":247,"column":16}},"42":{"start":{"line":250,"column":0},"end":{"line":250,"column":24}}},"branchMap":{"1":{"line":26,"type":"if","locations":[{"start":{"line":26,"column":2},"end":{"line":26,"column":2}},{"start":{"line":26,"column":2},"end":{"line":26,"column":2}}]},"2":{"line":200,"type":"if","locations":[{"start":{"line":200,"column":2},"end":{"line":200,"column":2}},{"start":{"line":200,"column":2},"end":{"line":200,"column":2}}]},"3":{"line":206,"type":"if","locations":[{"start":{"line":206,"column":2},"end":{"line":206,"column":2}},{"start":{"line":206,"column":2},"end":{"line":206,"column":2}}]},"4":{"line":220,"type":"binary-expr","locations":[{"start":{"line":220,"column":10},"end":{"line":220,"column":32}},{"start":{"line":220,"column":36},"end":{"line":220,"column":54}}]},"5":{"line":221,"type":"cond-expr","locations":[{"start":{"line":222,"column":6},"end":{"line":222,"column":24}},{"start":{"line":222,"column":27},"end":{"line":222,"column":30}}]},"6":{"line":221,"type":"binary-expr","locations":[{"start":{"line":221,"column":11},"end":{"line":221,"column":29}},{"start":{"line":221,"column":33},"end":{"line":221,"column":63}}]},"7":{"line":223,"type":"cond-expr","locations":[{"start":{"line":224,"column":6},"end":{"line":224,"column":55}},{"start":{"line":224,"column":58},"end":{"line":224,"column":64}}]},"8":{"line":228,"type":"if","locations":[{"start":{"line":228,"column":2},"end":{"line":228,"column":2}},{"start":{"line":228,"column":2},"end":{"line":228,"column":2}}]},"9":{"line":231,"type":"switch","locations":[{"start":{"line":232,"column":6},"end":{"line":232,"column":62}},{"start":{"line":233,"column":6},"end":{"line":233,"column":66}}]},"10":{"line":238,"type":"if","locations":[{"start":{"line":238,"column":2},"end":{"line":238,"column":2}},{"start":{"line":238,"column":2},"end":{"line":238,"column":2}}]},"11":{"line":243,"type":"binary-expr","locations":[{"start":{"line":243,"column":18},"end":{"line":243,"column":29}},{"start":{"line":243,"column":33},"end":{"line":243,"column":37}}]}},"code":["'use strict';","var url = require('url'),","    constants = require('../constants'),","    putils = require('./policy_utilities'),","    u = require('../utilities');","","function containerName() {","  return function() { return 'conn' + Date.now(); };","}","","function linkName(prefix) {","  var id = 1;","  var pre = prefix;","  return function() {","    return pre + (id++);","  };","}","","/**"," * The default policy for amqp10 clients"," *"," * @class"," * @param {object} overrides    override values for the default policy"," */","function Policy(overrides) {","  if (!(this instanceof Policy))","    return new Policy(overrides);","","  u.defaults(this, overrides, {","    /**","     * support subjects in link names with the following characteristics:","     * receiver: \"amq.topic/news\", means a filter on the ReceiverLink will be made","     *           for messages send with a subject \"news\"","     *","     * sender: \"amq.topic/news\", will automatically set \"news\" as the subject for","     *         messages sent on this link, unless the user explicitly overrides","     *         the subject.","     *","     * @name Policy#defaultSubjects","     * @property {boolean}","     */","    defaultSubjects: true,","","    /**","     * Options related to the reconnect behavior of the client. If this value is `null` reconnect","     * is effectively disabled","     *","     * @name Policy#reconnect","     * @type {Object|null}","     * @property {number|null} [retries] How many times to attempt reconnection","     * @property {string} [strategy='fibonacci'] The algorithm used for backoff. Can be `fibonacci` or `exponential`","     * @property {boolean} [forever] Whether or not to attempt reconnection forever","     */","    reconnect: {","      retries: 10,","      strategy: 'fibonacci', // || 'exponential'","      forever: true","    },","","    /**","     * @name Policy#connect","     * @type {object}","     * @property {object} options Options passed into the open performative on initial connection","     * @property {string|function} options.containerId The id of the source container","     * @property {string} options.hostname The name of the target host","     * @property {number} options.maxFrameSize The largest frame size that the sending peer is able to accept on this connection","     * @property {number} options.channelMax The channel-max value is the highest channel number that can be used on the connection","     * @property {number} options.idleTimeout The idle timeout required by the sender","     * @property {array<string>|null} options.outgoingLocales A list of the locales that the peer supports for sending informational text","     * @property {array<string>|null} options.incomingLocales A list of locales that the sending peer permits for incoming informational text","     * @property {array<string>|null} options.offeredCapabilities A list of extension capabilities the peer may use if the sender offers them","     * @property {array|null} options.desiredCapabilities The desired-capability list defines which extension capabilities the sender may use if the receiver offers them","     * @property {object|null} options.properties The properties map contains a set of fields intended to indicate information about the connection and its container","     * @property {object} sslOptions Options used to initiate a TLS/SSL connection, with the exception of the following options all options in this object are passed directly to node's [tls.connect](https://nodejs.org/api/tls.html#tls_tls_connect_options_callback) method.","     * @property {string|null} sslOptions.keyFile Path to the file containing the private key for the client","     * @property {string|null} sslOptions.certFile Path to the file containing the certificate key for the client","     * @property {string|null} sslOptions.caFile Path to the file containing the trusted cert for the client","     * @property {boolean} sslOptions.rejectUnauthorized","     * @property {string|null} saslMechanism Allows the sasl mechanism to be overriden by policy","     */","    connect: {","      options: {","        containerId: containerName(),","        hostname: 'localhost',","        maxFrameSize: constants.defaultMaxFrameSize,","        channelMax: constants.defaultChannelMax,","        idleTimeout: constants.defaultIdleTimeout,","        outgoingLocales: constants.defaultOutgoingLocales,","        incomingLocales: constants.defaultIncomingLocales,","        offeredCapabilities: null,","        desiredCapabilities: null,","        properties: {},","      },","      sslOptions: {","        keyFile: null,","        certFile: null,","        caFile: null,","        rejectUnauthorized: false","      },","      saslMechanism: null","    },","","    /**","     * @name Policy#session","     * @type {object}","     * @property {object} options Options passed into the `begin` performative on session start","     * @property {number} options.nextOutgoingId The transfer-id to assign to the next transfer frame","     * @property {number} options.incomingWindow The maximum number of incoming transfer frames that the endpoint can currently receive","     * @property {number} options.outgoingWindow The maximum number of outgoing transfer frames that the endpoint can currently send","     * @property {function} window A function used to calculate how/when the flow control window should change","     * @property {number} windowQuantum Quantum used in predefined window policies","     * @property {boolean} enableSessionFlowControl Whether or not session flow control should be performed at all","     */","    session: {","      options: {","        nextOutgoingId: constants.session.defaultOutgoingId,","        incomingWindow: constants.session.defaultIncomingWindow,","        outgoingWindow: constants.session.defaultOutgoingWindow","      },","","      window: putils.WindowPolicies.RefreshAtHalf,","      windowQuantum: constants.session.defaultIncomingWindow,","      enableSessionFlowControl: true","    },","","    /**","     * @name Policy#senderLink","     * @type {object}","     * @property {object} attach Options passed into the `attach` performative on link attachment","     * @property {string|function} attach.name This name uniquely identifies the link from the container of the source to the container of the target node","     * @property {string|boolean} attach.role The role being played by the peer","     * @property {string|number} attach.sndSettleMode The delivery settlement policy for the sender","     * @property {number} attach.maxMessageSize The maximum message size supported by the link endpoint","     * @property {number} attach.initialDeliveryCount This must not be null if role is sender, and it is ignored if the role is receiver.","     * @property {string} callback Determines when a send should call its callback ('settle', 'sent', 'none')","     * @property {function|null} encoder=null The optional encoder used for all outgoing sends","     * @property {boolean|null} reattach=null Whether the link should attempt reattach on detach","     */","    senderLink: {","      attach: {","        name: linkName('sender'),","        role: constants.linkRole.sender,","        sndSettleMode: constants.senderSettleMode.mixed,","        maxMessageSize: 0,","        initialDeliveryCount: 1","      },","","      callback: putils.SenderCallbackPolicies.OnSettle,","      encoder: null,","      reattach: null","    },","","    /**","     * @name Policy#receiverLink","     * @type {object}","     * @property {object} attach Options passed into the `attach` performative on link attachment","     * @property {string|function} attach.name This name uniquely identifies the link from the container of the source to the container of the target node","     * @property {boolean} attach.role The role being played by the peer","     * @property {number|string} attach.rcvSettleMode The delivery settlement policy for the receiver","     * @property {number} attach.maxMessageSize The maximum message size supported by the link endpoint","     * @property {number} attach.initialDeliveryCount This must not be null if role is sender, and it is ignored if the role is receiver.","     * @property {function} credit A function that determines when (if ever) to refresh the receiver link's credit","     * @property {number} creditQuantum Quantum used in pre-defined credit policy functions","     * @property {function|null} decoder=null The optional decoder used for all incoming data","     * @property {boolean|null} reattach=null Whether the link should attempt reattach on detach","     */","    receiverLink: {","      attach: {","        name: linkName('receiver'),","        role: constants.linkRole.receiver,","        rcvSettleMode: constants.receiverSettleMode.autoSettle,","        maxMessageSize: 10000, // Arbitrary choice","        initialDeliveryCount: 1","      },","      credit: putils.CreditPolicies.RefreshAtHalf,","      creditQuantum: 100,","      decoder: null,","      reattach: null","    },","  });","","  putils.fixDeprecatedOptions(this);","  return this;","}","","","/**"," * Parses a link address used for creating Sender and Receiver links."," *"," * The resulting object has a required `name` property (used as the source"," * address in the attach performative), as well as an optional `subject` property"," * which (if specified) will automatically create a source filter."," *"," * @inner @memberof Policy"," * @param {string} address the address to parse"," * @return {object}"," */","Policy.prototype.parseLinkAddress = function(address) {","  // @todo: this \"parsing\" should be far more rigorous","  if (!this.defaultSubjects) {","    return { name: address };","  }","","  var parts = address.split('/');","  var result = { name: parts.shift() };","  if (parts.length) result.subject = parts.shift();","  return result;","};","","/**"," * Parses an address for use when connecting to an AMQP 1.0 broker"," *"," * @inner @memberof Policy"," * @param {string} address the address to parse"," * @return {object}"," */","Policy.prototype.parseAddress = function(address) {","  var parsedAddress = url.parse(address);","  var result = {","    host: parsedAddress.hostname || parsedAddress.href,","    path: (parsedAddress.path && parsedAddress.path !== address) ?","      parsedAddress.path : '/',","    protocol: parsedAddress.protocol ?","      parsedAddress.protocol.slice(0, -1).toLowerCase() : 'amqp',","    href: parsedAddress.href","  };","","  if (!!parsedAddress.port) {","    result.port = parseInt(parsedAddress.port);","  } else {","    switch (result.protocol.toLowerCase()) {","      case 'amqp': result.port = constants.defaultPort; break;","      case 'amqps': result.port = constants.defaultTlsPort; break;","    }","  }","","  result.rootUri = result.protocol + '://';","  if (!!parsedAddress.auth) {","    result.rootUri += parsedAddress.auth + '@';","","    var userPass = parsedAddress.auth.split(':', 2);","    result.user = userPass[0];","    result.pass = userPass[1] || null;","  }","","  result.rootUri += result.host + ':' + result.port;","  return result;","};","","module.exports = Policy;",""],"l":{"2":1,"7":1,"8":4,"11":1,"12":8,"13":8,"14":8,"15":0,"25":1,"26":4,"27":0,"29":4,"182":4,"183":4,"198":1,"200":0,"201":0,"204":0,"205":0,"206":0,"207":0,"217":1,"218":0,"219":0,"228":0,"229":0,"231":0,"232":0,"233":0,"237":0,"238":0,"239":0,"241":0,"242":0,"243":0,"246":0,"247":0,"250":1}},"/home/travis/build/npmtest/node-npmtest-amqp10/node_modules/amqp10/lib/constants.js":{"path":"/home/travis/build/npmtest/node-npmtest-amqp10/node_modules/amqp10/lib/constants.js","s":{"1":1,"2":1,"3":2,"4":2,"5":2,"6":8,"7":2,"8":1,"9":1},"b":{},"f":{"1":2,"2":8},"fnMap":{"1":{"name":"amqpify","line":5,"loc":{"start":{"line":5,"column":0},"end":{"line":5,"column":22}}},"2":{"name":"(anonymous_2)","line":8,"loc":{"start":{"line":8,"column":14},"end":{"line":8,"column":27}}}},"statementMap":{"1":{"start":{"line":3,"column":0},"end":{"line":3,"column":40}},"2":{"start":{"line":5,"column":0},"end":{"line":11,"column":1}},"3":{"start":{"line":6,"column":2},"end":{"line":6,"column":24}},"4":{"start":{"line":7,"column":2},"end":{"line":7,"column":25}},"5":{"start":{"line":8,"column":2},"end":{"line":8,"column":50}},"6":{"start":{"line":8,"column":29},"end":{"line":8,"column":46}},"7":{"start":{"line":10,"column":2},"end":{"line":10,"column":17}},"8":{"start":{"line":13,"column":0},"end":{"line":74,"column":2}},"9":{"start":{"line":76,"column":0},"end":{"line":76,"column":27}}},"branchMap":{},"code":["'use strict';","","var Builder = require('buffer-builder');","","function amqpify(arr) {","  var b = new Builder();","  b.appendString('AMQP');","  arr.forEach(function (c) { b.appendUInt8(c); });","","  return b.get();","}","","var Constants = {","  defaultPort: 5672,","  defaultTlsPort: 5671,","  minMaxFrameSize: 512,","  defaultMaxFrameSize: 4294967295,","  defaultChannelMax: 65535,","  defaultIdleTimeout: 120000,","  requiredLocale: 'en-US',","  defaultOutgoingLocales: 'en-US',","  defaultIncomingLocales: 'en-US',","  defaultHandleMax: 4294967295,","  amqpVersion: amqpify([0, 1, 0, 0]),","  saslVersion: amqpify([3, 1, 0, 0]),","  session: {","    defaultIncomingWindow: 100,","    defaultOutgoingWindow: 100,","    defaultOutgoingId: 1","  },","  frameType: {","    amqp: 0x0, sasl: 0x1","  },","  saslOutcomes: {","    ok: 0,","    auth: 1,","    sys: 2,","    sys_perm: 3,","    sys_temp: 4,","    0: 'OK',","    1: 'Authentication failed due to issue with credentials',","    2: 'Authentication failed due to a system error',","    3: 'Authentication failed due to a permanent system error',","    4: 'Authentication failed due to a transient system error'","  },","  linkRole: {","    sender: false,","    receiver: true","  },","  senderSettleMode: {","    unsettled: 0,","    settled: 1,","    mixed: 2","  },","  receiverSettleMode: {","    autoSettle: 0,","    settleOnDisposition: 1","  },","  terminusDurability: {","    none: 0,","    configuration: 1,","    unsettledState: 2","  },","  terminusExpiryPolicy: {","    linkDetach: 'link-detach',","    sessionEnd: 'session-end',","    connectionClose: 'connection-close',","    never: 'never'","  },","  distributionMode: {","    move: 'move',","    copy: 'copy'","  }","};","","module.exports = Constants;",""],"l":{"3":1,"5":1,"6":2,"7":2,"8":8,"10":2,"13":1,"76":1}},"/home/travis/build/npmtest/node-npmtest-amqp10/node_modules/amqp10/lib/policies/policy_utilities.js":{"path":"/home/travis/build/npmtest/node-npmtest-amqp10/node_modules/amqp10/lib/policies/policy_utilities.js","s":{"1":1,"2":1,"3":0,"4":0,"5":0,"6":0,"7":0,"8":0,"9":1,"10":1,"11":0,"12":0,"13":0,"14":0,"15":0,"16":0,"17":0,"18":0,"19":0,"20":0,"21":0,"22":0,"23":0,"24":1,"25":1,"26":1,"27":1,"28":1,"29":4,"30":0,"31":4,"32":0,"33":0,"34":4,"35":0,"36":0,"37":1,"38":1,"39":0,"40":0,"41":0,"42":1,"43":1,"44":0,"45":0},"b":{"1":[0,0],"2":[0,0],"3":[0,0],"4":[0,0],"5":[0,0],"6":[0,0],"7":[0,0],"8":[0,0],"9":[0,0],"10":[0,4],"11":[4,4],"12":[0,4],"13":[4,4,4],"14":[0,4],"15":[4,4,4],"16":[0,0]},"f":{"1":0,"2":0,"3":0,"4":0,"5":0,"6":0,"7":0,"8":0,"9":4,"10":0,"11":0},"fnMap":{"1":{"name":"(anonymous_1)","line":9,"loc":{"start":{"line":9,"column":17},"end":{"line":9,"column":35}}},"2":{"name":"(anonymous_2)","line":15,"loc":{"start":{"line":15,"column":18},"end":{"line":15,"column":36}}},"3":{"name":"(anonymous_3)","line":21,"loc":{"start":{"line":21,"column":16},"end":{"line":21,"column":34}}},"4":{"name":"(anonymous_4)","line":29,"loc":{"start":{"line":29,"column":17},"end":{"line":29,"column":32}}},"5":{"name":"(anonymous_5)","line":35,"loc":{"start":{"line":35,"column":18},"end":{"line":35,"column":33}}},"6":{"name":"(anonymous_6)","line":41,"loc":{"start":{"line":41,"column":18},"end":{"line":41,"column":39}}},"7":{"name":"(anonymous_7)","line":42,"loc":{"start":{"line":42,"column":11},"end":{"line":42,"column":36}}},"8":{"name":"(anonymous_8)","line":53,"loc":{"start":{"line":53,"column":16},"end":{"line":53,"column":31}}},"9":{"name":"fixDeprecatedOptions","line":77,"loc":{"start":{"line":77,"column":0},"end":{"line":77,"column":38}}},"10":{"name":"merge","line":98,"loc":{"start":{"line":98,"column":0},"end":{"line":98,"column":32}}},"11":{"name":"(anonymous_11)","line":107,"loc":{"start":{"line":107,"column":31},"end":{"line":107,"column":78}}}},"statementMap":{"1":{"start":{"line":3,"column":0},"end":{"line":6,"column":32}},"2":{"start":{"line":8,"column":0},"end":{"line":24,"column":2}},"3":{"start":{"line":10,"column":4},"end":{"line":13,"column":5}},"4":{"start":{"line":11,"column":6},"end":{"line":11,"column":139}},"5":{"start":{"line":12,"column":6},"end":{"line":12,"column":54}},"6":{"start":{"line":16,"column":4},"end":{"line":19,"column":5}},"7":{"start":{"line":17,"column":6},"end":{"line":17,"column":139}},"8":{"start":{"line":18,"column":6},"end":{"line":18,"column":54}},"9":{"start":{"line":26,"column":0},"end":{"line":26,"column":47}},"10":{"start":{"line":28,"column":0},"end":{"line":56,"column":2}},"11":{"start":{"line":30,"column":4},"end":{"line":33,"column":5}},"12":{"start":{"line":31,"column":6},"end":{"line":31,"column":129}},"13":{"start":{"line":32,"column":6},"end":{"line":32,"column":49}},"14":{"start":{"line":36,"column":4},"end":{"line":39,"column":5}},"15":{"start":{"line":37,"column":6},"end":{"line":37,"column":129}},"16":{"start":{"line":38,"column":6},"end":{"line":38,"column":49}},"17":{"start":{"line":42,"column":4},"end":{"line":51,"column":6}},"18":{"start":{"line":43,"column":6},"end":{"line":45,"column":7}},"19":{"start":{"line":44,"column":8},"end":{"line":44,"column":128}},"20":{"start":{"line":46,"column":6},"end":{"line":46,"column":123}},"21":{"start":{"line":47,"column":6},"end":{"line":50,"column":7}},"22":{"start":{"line":48,"column":8},"end":{"line":48,"column":119}},"23":{"start":{"line":49,"column":8},"end":{"line":49,"column":39}},"24":{"start":{"line":58,"column":0},"end":{"line":58,"column":47}},"25":{"start":{"line":64,"column":0},"end":{"line":72,"column":2}},"26":{"start":{"line":74,"column":0},"end":{"line":74,"column":61}},"27":{"start":{"line":75,"column":0},"end":{"line":75,"column":59}},"28":{"start":{"line":77,"column":0},"end":{"line":94,"column":1}},"29":{"start":{"line":78,"column":2},"end":{"line":78,"column":54}},"30":{"start":{"line":78,"column":47},"end":{"line":78,"column":54}},"31":{"start":{"line":80,"column":2},"end":{"line":86,"column":3}},"32":{"start":{"line":83,"column":4},"end":{"line":84,"column":48}},"33":{"start":{"line":85,"column":4},"end":{"line":85,"column":53}},"34":{"start":{"line":88,"column":2},"end":{"line":93,"column":3}},"35":{"start":{"line":91,"column":4},"end":{"line":91,"column":93}},"36":{"start":{"line":92,"column":4},"end":{"line":92,"column":57}},"37":{"start":{"line":96,"column":0},"end":{"line":96,"column":59}},"38":{"start":{"line":98,"column":0},"end":{"line":102,"column":1}},"39":{"start":{"line":99,"column":2},"end":{"line":99,"column":44}},"40":{"start":{"line":100,"column":2},"end":{"line":100,"column":31}},"41":{"start":{"line":101,"column":2},"end":{"line":101,"column":16}},"42":{"start":{"line":104,"column":0},"end":{"line":104,"column":29}},"43":{"start":{"line":107,"column":0},"end":{"line":119,"column":2}},"44":{"start":{"line":108,"column":2},"end":{"line":108,"column":32}},"45":{"start":{"line":110,"column":2},"end":{"line":118,"column":17}}},"branchMap":{"1":{"line":10,"type":"if","locations":[{"start":{"line":10,"column":4},"end":{"line":10,"column":4}},{"start":{"line":10,"column":4},"end":{"line":10,"column":4}}]},"2":{"line":16,"type":"if","locations":[{"start":{"line":16,"column":4},"end":{"line":16,"column":4}},{"start":{"line":16,"column":4},"end":{"line":16,"column":4}}]},"3":{"line":30,"type":"if","locations":[{"start":{"line":30,"column":4},"end":{"line":30,"column":4}},{"start":{"line":30,"column":4},"end":{"line":30,"column":4}}]},"4":{"line":36,"type":"if","locations":[{"start":{"line":36,"column":4},"end":{"line":36,"column":4}},{"start":{"line":36,"column":4},"end":{"line":36,"column":4}}]},"5":{"line":43,"type":"if","locations":[{"start":{"line":43,"column":6},"end":{"line":43,"column":6}},{"start":{"line":43,"column":6},"end":{"line":43,"column":6}}]},"6":{"line":46,"type":"cond-expr","locations":[{"start":{"line":46,"column":59},"end":{"line":46,"column":84}},{"start":{"line":46,"column":87},"end":{"line":46,"column":122}}]},"7":{"line":46,"type":"binary-expr","locations":[{"start":{"line":46,"column":27},"end":{"line":46,"column":36}},{"start":{"line":46,"column":40},"end":{"li
[...]
d":{"line":81,"column":34}},"62":{"start":{"line":82,"column":8},"end":{"line":82,"column":40}},"63":{"start":{"line":83,"column":8},"end":{"line":83,"column":28}},"64":{"start":{"line":84,"column":8},"end":{"line":84,"column":40}},"65":{"start":{"line":85,"column":8},"end":{"line":85,"column":114}},"66":{"start":{"line":85,"column":68},"end":{"line":85,"column":114}},"67":{"start":{"line":86,"column":8},"end":{"line":86,"column":85}},"68":{"start":{"line":87,"column":8},"end":{"line":87,"column":14}},"69":{"start":{"line":89,"column":8},"end":{"line":89,"column":69}},"70":{"start":{"line":90,"column":8},"end":{"line":90,"column":22}},"71":{"start":{"line":91,"column":8},"end":{"line":91,"column":34}},"72":{"start":{"line":92,"column":8},"end":{"line":92,"column":40}},"73":{"start":{"line":93,"column":8},"end":{"line":93,"column":28}},"74":{"start":{"line":94,"column":8},"end":{"line":94,"column":40}},"75":{"start":{"line":95,"column":8},"end":{"line":95,"column":114}},"76":{"start":{"line":95,"column":68},"end":{"line":95,"column":114}},"77":{"start":{"line":96,"column":8},"end":{"line":96,"column":85}},"78":{"start":{"line":97,"column":8},"end":{"line":97,"column":14}},"79":{"start":{"line":99,"column":8},"end":{"line":99,"column":66}},"80":{"start":{"line":100,"column":8},"end":{"line":100,"column":22}},"81":{"start":{"line":101,"column":8},"end":{"line":101,"column":34}},"82":{"start":{"line":102,"column":8},"end":{"line":102,"column":67}},"83":{"start":{"line":103,"column":8},"end":{"line":103,"column":22}},"84":{"start":{"line":104,"column":8},"end":{"line":104,"column":34}},"85":{"start":{"line":105,"column":8},"end":{"line":105,"column":46}},"86":{"start":{"line":106,"column":8},"end":{"line":106,"column":34}},"87":{"start":{"line":107,"column":8},"end":{"line":107,"column":46}},"88":{"start":{"line":108,"column":8},"end":{"line":108,"column":47}},"89":{"start":{"line":109,"column":8},"end":{"line":109,"column":89}},"90":{"start":{"line":110,"column":8},"end":{"line":110,"column":14}},"91":{"start":{"line":112,"column":8},"end":{"line":112,"column":69}},"92":{"start":{"line":113,"column":8},"end":{"line":113,"column":22}},"93":{"start":{"line":114,"column":8},"end":{"line":114,"column":34}},"94":{"start":{"line":115,"column":8},"end":{"line":115,"column":70}},"95":{"start":{"line":116,"column":8},"end":{"line":116,"column":22}},"96":{"start":{"line":117,"column":8},"end":{"line":117,"column":34}},"97":{"start":{"line":118,"column":8},"end":{"line":118,"column":46}},"98":{"start":{"line":119,"column":8},"end":{"line":119,"column":34}},"99":{"start":{"line":120,"column":8},"end":{"line":120,"column":46}},"100":{"start":{"line":121,"column":8},"end":{"line":121,"column":47}},"101":{"start":{"line":122,"column":8},"end":{"line":122,"column":89}},"102":{"start":{"line":123,"column":8},"end":{"line":123,"column":14}},"103":{"start":{"line":125,"column":8},"end":{"line":125,"column":58}},"104":{"start":{"line":126,"column":8},"end":{"line":126,"column":55}},"105":{"start":{"line":127,"column":8},"end":{"line":127,"column":14}},"106":{"start":{"line":130,"column":2},"end":{"line":130,"column":45}},"107":{"start":{"line":133,"column":0},"end":{"line":162,"column":1}},"108":{"start":{"line":134,"column":2},"end":{"line":134,"column":54}},"109":{"start":{"line":135,"column":2},"end":{"line":135,"column":42}},"110":{"start":{"line":136,"column":2},"end":{"line":136,"column":20}},"111":{"start":{"line":137,"column":2},"end":{"line":141,"column":3}},"112":{"start":{"line":138,"column":4},"end":{"line":138,"column":138}},"113":{"start":{"line":140,"column":4},"end":{"line":140,"column":53}},"114":{"start":{"line":144,"column":2},"end":{"line":144,"column":18}},"115":{"start":{"line":145,"column":2},"end":{"line":145,"column":20}},"116":{"start":{"line":146,"column":2},"end":{"line":160,"column":3}},"117":{"start":{"line":147,"column":4},"end":{"line":147,"column":38}},"118":{"start":{"line":148,"column":4},"end":{"line":159,"column":24}},"119":{"start":{"line":149,"column":6},"end":{"line":149,"column":29}},"120":{"start":{"line":150,"column":6},"end":{"line":150,"column":79}},"121":{"start":{"line":151,"column":6},"end":{"line":151,"column":60}},"122":{"start":{"line":152,"column":6},"end":{"line":158,"column":26}},"123":{"start":{"line":153,"column":8},"end":{"line":153,"column":48}},"124":{"start":{"line":154,"column":8},"end":{"line":154,"column":52}},"125":{"start":{"line":155,"column":8},"end":{"line":155,"column":59}},"126":{"start":{"line":156,"column":8},"end":{"line":156,"column":30}},"127":{"start":{"line":157,"column":8},"end":{"line":157,"column":40}},"128":{"start":{"line":158,"column":13},"end":{"line":158,"column":26}},"129":{"start":{"line":159,"column":11},"end":{"line":159,"column":24}},"130":{"start":{"line":161,"column":2},"end":{"line":161,"column":16}},"131":{"start":{"line":164,"column":0},"end":{"line":207,"column":3}},"132":{"start":{"line":165,"column":2},"end":{"line":165,"column":42}},"133":{"start":{"line":166,"column":2},"end":{"line":166,"column":17}},"134":{"start":{"line":167,"column":2},"end":{"line":167,"column":17}},"135":{"start":{"line":168,"column":2},"end":{"line":190,"column":3}},"136":{"start":{"line":169,"column":4},"end":{"line":169,"column":33}},"137":{"start":{"line":170,"column":4},"end":{"line":170,"column":45}},"138":{"start":{"line":171,"column":4},"end":{"line":177,"column":5}},"139":{"start":{"line":172,"column":6},"end":{"line":172,"column":75}},"140":{"start":{"line":173,"column":6},"end":{"line":175,"column":7}},"141":{"start":{"line":174,"column":8},"end":{"line":174,"column":62}},"142":{"start":{"line":176,"column":6},"end":{"line":176,"column":24}},"143":{"start":{"line":178,"column":4},"end":{"line":178,"column":41}},"144":{"start":{"line":179,"column":4},"end":{"line":189,"column":5}},"145":{"start":{"line":180,"column":6},"end":{"line":180,"column":71}},"146":{"start":{"line":181,"column":6},"end":{"line":181,"column":47}},"147":{"start":{"line":182,"column":6},"end":{"line":188,"column":7}},"148":{"start":{"line":183,"column":8},"end":{"line":183,"column":66}},"149":{"start":{"line":184,"column":8},"end":{"line":186,"column":9}},"150":{"start":{"line":185,"column":10},"end":{"line":185,"column":64}},"151":{"start":{"line":187,"column":8},"end":{"line":187,"column":26}},"152":{"start":{"line":191,"column":2},"end":{"line":191,"column":36}},"153":{"start":{"line":192,"column":2},"end":{"line":192,"column":36}},"154":{"start":{"line":193,"column":2},"end":{"line":193,"column":62}},"155":{"start":{"line":194,"column":2},"end":{"line":194,"column":62}},"156":{"start":{"line":195,"column":2},"end":{"line":195,"column":64}},"157":{"start":{"line":196,"column":2},"end":{"line":196,"column":22}},"158":{"start":{"line":197,"column":2},"end":{"line":197,"column":21}},"159":{"start":{"line":198,"column":2},"end":{"line":198,"column":27}},"160":{"start":{"line":199,"column":2},"end":{"line":199,"column":27}},"161":{"start":{"line":200,"column":2},"end":{"line":200,"column":64}},"162":{"start":{"line":201,"column":2},"end":{"line":201,"column":62}},"163":{"start":{"line":202,"column":2},"end":{"line":202,"column":64}},"164":{"start":{"line":203,"column":2},"end":{"line":203,"column":22}},"165":{"start":{"line":204,"column":2},"end":{"line":204,"column":21}},"166":{"start":{"line":205,"column":2},"end":{"line":205,"column":27}},"167":{"start":{"line":206,"column":2},"end":{"line":206,"column":27}}},"branchMap":{"1":{"line":7,"type":"if","locations":[{"start":{"line":7,"column":0},"end":{"line":7,"column":0}},{"start":{"line":7,"column":0},"end":{"line":7,"column":0}}]},"2":{"line":25,"type":"if","locations":[{"start":{"line":25,"column":2},"end":{"line":25,"column":2}},{"start":{"line":25,"column":2},"end":{"line":25,"column":2}}]},"3":{"line":33,"type":"if","locations":[{"start":{"line":33,"column":2},"end":{"line":33,"column":2}},{"start":{"line":33,"column":2},"end":{"line":33,"column":2}}]},"4":{"line":38,"type":"if","locations":[{"start":{"line":38,"column":2},"end":{"line":38,"column":2}},{"start":{"line":38,"column":2},"end":{"line":38,"column":2}}]},"5":{"line":50,"type":"switch","locations":[{"start":{"line":51,"column":6},"end":{"line":53,"column":14}},{"start":{"line":54,"column":6},"end":{"line":59,"column":14}},{"start":{"line":60,"column":6},"end":{"line":65,"column":14}},{"start":{"line":66,"column":6},"end":{"line":71,"column":14}},{"start":{"line":72,"column":6},"end":{"line":77,"column":14}},{"start":{"line":78,"column":6},"end":{"line":87,"column":14}},{"start":{"line":88,"column":6},"end":{"line":97,"column":14}},{"start":{"line":98,"column":6},"end":{"line":110,"column":14}},{"start":{"line":111,"column":6},"end":{"line":123,"column":14}},{"start":{"line":124,"column":6},"end":{"line":127,"column":14}}]},"6":{"line":85,"type":"if","locations":[{"start":{"line":85,"column":8},"end":{"line":85,"column":8}},{"start":{"line":85,"column":8},"end":{"line":85,"column":8}}]},"7":{"line":85,"type":"binary-expr","locations":[{"start":{"line":85,"column":12},"end":{"line":85,"column":24}},{"start":{"line":85,"column":28},"end":{"line":85,"column":45}},{"start":{"line":85,"column":49},"end":{"line":85,"column":66}}]},"8":{"line":95,"type":"if","locations":[{"start":{"line":95,"column":8},"end":{"line":95,"column":8}},{"start":{"line":95,"column":8},"end":{"line":95,"column":8}}]},"9":{"line":95,"type":"binary-expr","locations":[{"start":{"line":95,"column":12},"end":{"line":95,"column":24}},{"start":{"line":95,"column":28},"end":{"line":95,"column":45}},{"start":{"line":95,"column":49},"end":{"line":95,"column":66}}]},"10":{"line":137,"type":"if","locations":[{"start":{"line":137,"column":2},"end":{"line":137,"column":2}},{"start":{"line":137,"column":2},"end":{"line":137,"column":2}}]},"11":{"line":146,"type":"binary-expr","locations":[{"start":{"line":146,"column":9},"end":{"line":146,"column":15}},{"start":{"line":146,"column":19},"end":{"line":146,"column":34}}]},"12":{"line":148,"type":"if","locations":[{"start":{"line":148,"column":4},"end":{"line":148,"column":4}},{"start":{"line":148,"column":4},"end":{"line":148,"column":4}}]},"13":{"line":152,"type":"if","locations":[{"start":{"line":152,"column":6},"end":{"line":152,"column":6}},{"start":{"line":152,"column":6},"end":{"line":152,"column":6}}]},"14":{"line":171,"type":"if","locations":[{"start":{"line":171,"column":4},"end":{"line":171,"column":4}},{"start":{"line":171,"column":4},"end":{"line":171,"column":4}}]},"15":{"line":173,"type":"if","locations":[{"start":{"line":173,"column":6},"end":{"line":173,"column":6}},{"start":{"line":173,"column":6},"end":{"line":173,"column":6}}]},"16":{"line":179,"type":"if","locations":[{"start":{"line":179,"column":4},"end":{"line":179,"column":4}},{"start":{"line":179,"column":4},"end":{"line":179,"column":4}}]},"17":{"line":182,"type":"if","locations":[{"start":{"line":182,"column":6},"end":{"line":182,"column":6}},{"start":{"line":182,"column":6},"end":{"line":182,"column":6}}]},"18":{"line":184,"type":"if","locations":[{"start":{"line":184,"column":8},"end":{"line":184,"column":8}},{"start":{"line":184,"column":8},"end":{"line":184,"column":8}}]}},"code":["'use strict';","","var fs = require('fs'),","    Int64 = require('node-int64'),","    constants = require('../lib/constants');","","if (process.argv.length < 3) {","  console.warn('Usage: node ' + process.argv[1] + ' <debug output file>');","  process.exit(1);","}","","var debugOutputFile = process.argv[2];","var tryToConvert = true;","","var rxPrefix = 'amqp10:connection Rx:';","var txPrefix = 'amqp10:framing sending frame:';","","function s(cnt) {","  var r = '';","  for (var idx = 0; idx < cnt; ++idx) r += ' ';","  return r;","}","","function checkLength(str, l) {","  if (str.length < l) {","    console.log('String smaller than expected: ('+str.length+' < '+l+')');","    return false;","  }","  return true;","}","","function x(hexstr, consumed, result, indent) {","  if (hexstr.length === 0) return { consumed: consumed, result: result };","","  var prefix = hexstr.substr(0, 2);","  hexstr = hexstr.substr(2);","  consumed += 2;","  if (prefix === '00') {","    result += s(indent) + prefix + '\\n';","    var label = x(hexstr, consumed, result, indent + 2);","    hexstr = hexstr.substr(label.consumed - consumed);","    result = label.result;","    consumed = label.consumed;","    var body = x(hexstr, consumed, result, indent + 2);","    hexstr = hexstr.substr(body.consumed - consumed);","    result = body.result;","    consumed = body.consumed;","  } else {","    var len, nent, val, parsedColl;","    switch (prefix[0]) {","      case '4':","        result += s(indent) + prefix + '\\n';","        break;","      case '5':","        val = hexstr.substr(0, 2);","        consumed += 2;","        hexstr = hexstr.substr(2);","        result += s(indent) + prefix + ' ' + val + '\\n';","        break;","      case '6':","        val = hexstr.substr(0, 4);","        consumed += 4;","        hexstr = hexstr.substr(4);","        result += s(indent) + prefix + ' ' + val + '\\n';","        break;","      case '7':","        val = hexstr.substr(0, 8);","        consumed += 8;","        hexstr = hexstr.substr(8);","        result += s(indent) + prefix + ' ' + val + '\\n';","        break;","      case '8':","        val = hexstr.substr(0, 16);","        consumed += 16;","        hexstr = hexstr.substr(16);","        result += s(indent) + prefix + ' ' + val + '\\n';","        break;","      case 'a':","        len = new Buffer(hexstr.substr(0, 2), 'hex').readUInt8(0);","        consumed += 2;","        hexstr = hexstr.substr(2);","        val = hexstr.substr(0, len * 2);","        consumed += len * 2;","        hexstr = hexstr.substr(len * 2);","        if (tryToConvert || prefix[1] === '1' || prefix[1] === '3') val = new Buffer(val, 'hex').toString('utf8');","        result += s(indent) + prefix + ' ' + len + '\\n' + s(indent + 2) + val + '\\n';","        break;","      case 'b':","        len = new Buffer(hexstr.substr(0, 8), 'hex').readUInt32BE(0);","        consumed += 8;","        hexstr = hexstr.substr(8);","        val = hexstr.substr(0, len * 2);","        consumed += len * 2;","        hexstr = hexstr.substr(len * 2);","        if (tryToConvert || prefix[1] === '1' || prefix[1] === '3') val = new Buffer(val, 'hex').toString('utf8');","        result += s(indent) + prefix + ' ' + len + '\\n' + s(indent + 2) + val + '\\n';","        break;","      case 'c':","        len = new Buffer(hexstr.substr(0, 2), 'hex').readUInt8(0);","        consumed += 2;","        hexstr = hexstr.substr(2);","        nent = new Buffer(hexstr.substr(0, 2), 'hex').readUInt8(0);","        consumed += 2;","        hexstr = hexstr.substr(2);","        val = hexstr.substr(0, (len - 1) * 2);","        consumed += (len - 1) * 2;","        hexstr = hexstr.substr((len - 1) * 2);","        parsedColl = x(val, 0, '', indent + 2);","        result += s(indent) + prefix + ' ' + len + ' ' + nent + '\\n' + parsedColl.result;","        break;","      case 'd':","        len = new Buffer(hexstr.substr(0, 8), 'hex').readUInt32BE(0);","        consumed += 8;","        hexstr = hexstr.substr(8);","        nent = new Buffer(hexstr.substr(0, 8), 'hex').readUInt32BE(0);","        consumed += 8;","        hexstr = hexstr.substr(8);","        val = hexstr.substr(0, (len - 1) * 2);","        consumed += (len - 1) * 2;","        hexstr = hexstr.substr((len - 1) * 2);","        parsedColl = x(val, 0, '', indent + 2);","        result += s(indent) + prefix + ' ' + len + ' ' + nent + '\\n' + parsedColl.result;","        break;","      default:","        console.log('Error: Unexpected prefix ' + prefix);","        result += s(indent) + prefix + ' unexpected\\n';","        break;","    }","  }","  return x(hexstr, consumed, result, indent);","}","","function parseHex(hexstr) {","  var amqpstr = constants.amqpVersion.toString('hex');","  var headerIdx = hexstr.indexOf(amqpstr);","  var body = hexstr;","  if (headerIdx === -1) {","    console.log('Header \"' + amqpstr + '\" not found, assuming partial trace.  If trace is not frame-aligned, results will be incorrect.');","  } else {","    body = hexstr.substr(headerIdx + amqpstr.length);","  }","","  // Assume everything from here on out is frames","  var parsed = '';","  var error = false;","  while (!error && body.length > 0) {","    var lengthstr = body.substr(0, 8);","    if (checkLength(body, 16)) {","      body = body.substr(16);","      var frameLength64 = new Int64(new Buffer('00000000' + lengthstr, 'hex'));","      var frameLength = frameLength64.valueOf() * 2 - (8*2);","      if (checkLength(body, frameLength)) {","        var frame = body.substr(0, frameLength);","        var parsedFrame = x(frame, 0, '', 2).result;","        parsed += 'Frame of length ' + frameLength + ':\\n';","        parsed += parsedFrame;","        body = body.substr(frameLength);","      } else error = true;","    } else error = true;","  }","  return parsed;","}","","fs.readFile(debugOutputFile, function (err, data) {","  var lines = data.toString().split('\\n');","  var rxHex = '';","  var txHex = '';","  for (var idx in lines) {","    var line = lines[idx].trim();","    var idxOfPrefix = line.indexOf(rxPrefix);","    if (idxOfPrefix >= 0) {","      var curRxHex = line.substr(idxOfPrefix + rxPrefix.length + 1).trim();","      if (curRxHex.indexOf(' +') !== -1) {","        curRxHex = curRxHex.substr(0, curRxHex.indexOf(' +'));","      }","      rxHex += curRxHex;","    }","    idxOfPrefix = line.indexOf(txPrefix);","    if (idxOfPrefix >= 0) {","      var rest = line.substr(idxOfPrefix + txPrefix.length + 1).trim();","      var idxOfHexStart = rest.indexOf('] : ');","      if (idxOfHexStart >= 0) {","        var curTxHex = rest.substr(idxOfHexStart + '] : '.length);","        if (curTxHex.indexOf(' +') !== -1) {","          curTxHex = curTxHex.substr(0, curTxHex.indexOf(' +'));","        }","        txHex += curTxHex;","      }","    }","  }","  var parsedRxHex = parseHex(rxHex);","  var parsedTxHex = parseHex(txHex);","  console.log('============================================');","  console.log('=============== Received ===================');","  console.log('============================================\\n');","  console.log('Hex:');","  console.log(rxHex);","  console.log('\\nParsed:');","  console.log(parsedRxHex);","  console.log('\\n============================================');","  console.log('================= Sent =====================');","  console.log('============================================\\n');","  console.log('Hex:');","  console.log(txHex);","  console.log('\\nParsed:');","  console.log(parsedTxHex);","});",""],"l":{"3":2,"7":2,"8":2,"9":2,"12":2,"13":2,"15":2,"16":2,"18":1,"19":0,"20":0,"21":0,"24":1,"25":0,"26":0,"27":0,"29":0,"32":1,"33":0,"35":0,"36":0,"37":0,"38":0,"39":0,"40":0,"41":0,"42":0,"43":0,"44":0,"45":0,"46":0,"47":0,"49":0,"50":0,"52":0,"53":0,"55":0,"56":0,"57":0,"58":0,"59":0,"61":0,"62":0,"63":0,"64":0,"65":0,"67":0,"68":0,"69":0,"70":0,"71":0,"73":0,"74":0,"75":0,"76":0,"77":0,"79":0,"80":0,"81":0,"82":0,"83":0,"84":0,"85":0,"86":0,"87":0,"89":0,"90":0,"91":0,"92":0,"93":0,"94":0,"95":0,"96":0,"97":0,"99":0,"100":0,"101":0,"102":0,"103":0,"104":0,"105":0,"106":0,"107":0,"108":0,"109":0,"110":0,"112":0,"113":0,"114":0,"115":0,"116":0,"117":0,"118":0,"119":0,"120":0,"121":0,"122":0,"123":0,"125":0,"126":0,"127":0,"130":0,"133":1,"134":0,"135":0,"136":0,"137":0,"138":0,"140":0,"144":0,"145":0,"146":0,"147":0,"148":0,"149":0,"150":0,"151":0,"152":0,"153":0,"154":0,"155":0,"156":0,"157":0,"158":0,"159":0,"161":0,"164":2,"165":0,"166":0,"167":0,"168":0,"169":0,"170":0,"171":0,"172":0,"173":0,"174":0,"176":0,"178":0,"179":0,"180":0,"181":0,"182":0,"183":0,"184":0,"185":0,"187":0,"191":0,"192":0,"193":0,"194":0,"195":0,"196":0,"197":0,"198":0,"199":0,"200":0,"201":0,"202":0,"203":0,"204":0,"205":0,"206":0}}}